<?xml version="1.0" encoding="utf-8"?><testsuites name="pytest tests"><testsuite name="pytest" errors="0" failures="0" skipped="0" tests="24" time="0.760" timestamp="2026-09-13T20:20:04.118234+02:00" hostname="localhost"><testcase classname="tests.test_repair_diagnosis" name="test_standalone_starter_matches_source_and_runs_without_neighbour_python" time="0.155" /><testcase classname="tests.test_repair_diagnosis" name="test_standalone_starter_rejects_payload_hash_mismatch_before_diagnosis" time="0.035" /><testcase classname="tests.test_repair_diagnosis" name="test_lost_cells_are_unknown[rows0-NOT_EXPORTED]" time="0.001" /><testcase classname="tests.test_repair_diagnosis" name="test_lost_cells_are_unknown[rows1-OMITTED_OVERSIZE_CELL]" time="0.001" /><testcase classname="tests.test_repair_diagnosis" name="test_lost_cells_are_unknown[rows2-UNREADABLE_PAYLOAD]" time="0.001" /><testcase classname="tests.test_repair_diagnosis" name="test_lost_cells_are_unknown[rows3-INVALID_CARD_ROWS]" time="0.001" /><testcase classname="tests.test_repair_diagnosis" name="test_explicit_empty_is_zero_and_complete_export_wins" time="0.001" /><testcase classname="tests.test_repair_diagnosis" name="test_same_revision_recovered_without_rewriting_saved_time" time="0.001" /><testcase classname="tests.test_repair_diagnosis" name="test_wrong_or_unverifiable_sample_cannot_confirm_end_state[run]" time="0.001" /><testcase classname="tests.test_repair_diagnosis" name="test_wrong_or_unverifiable_sample_cannot_confirm_end_state[saved]" time="0.001" /><testcase classname="tests.test_repair_diagnosis" name="test_wrong_or_unverifiable_sample_cannot_confirm_end_state[expires]" time="0.001" /><testcase classname="tests.test_repair_diagnosis" name="test_wrong_or_unverifiable_sample_cannot_confirm_end_state[hash]" time="0.001" /><testcase classname="tests.test_repair_diagnosis" name="test_wrong_or_unverifiable_sample_cannot_confirm_end_state[future]" time="0.001" /><testcase classname="tests.test_repair_diagnosis" name="test_wrong_or_unverifiable_sample_cannot_confirm_end_state[future_saved]" time="0.001" /><testcase classname="tests.test_repair_diagnosis" name="test_sample_loader_requires_archive_reference_and_matching_hash" time="0.001" /><testcase classname="tests.test_repair_diagnosis" name="test_real_sqlite_export_records_oversize_cell_loss" time="0.015" /><testcase classname="tests.test_repair_diagnosis" name="test_phase_boundaries_crossing_completion_and_duplicate_exports" time="0.001" /><testcase classname="tests.test_repair_diagnosis" name="test_missing_truncated_or_idless_sources_never_claim_complete_zero" time="0.001" /><testcase classname="tests.test_repair_diagnosis" name="test_pending_cache_and_not_started_are_separate" time="0.001" /><testcase classname="tests.test_repair_diagnosis" name="test_source_errors_respect_time_alias_and_activation" time="0.001" /><testcase classname="tests.test_repair_diagnosis" name="test_input_receipt_needs_inclusion_validated_response_and_audit" time="0.001" /><testcase classname="tests.test_repair_diagnosis" name="test_historical_net_unknown_stays_unknown_and_is_not_open_position" time="0.001" /><testcase classname="tests.test_repair_diagnosis" name="test_summary_with_missing_audit_and_legacy_cell_loss" time="0.001" /><testcase classname="tests.test_repair_diagnosis" name="test_original_zip_replay_when_available" time="0.433" /></testsuite></testsuites>