<?xml version="1.0" encoding="utf-8"?><testsuites name="pytest tests"><testsuite name="pytest" errors="0" failures="0" skipped="0" tests="84" time="0.525" timestamp="2026-09-13T20:20:28.198321+02:00" hostname="localhost"><testcase classname="tests.test_installer_reboot_boundary" name="test_real_save_source_disarms_reboot_before_backup_then_restores_prior_enable_states[states0]" time="0.015" /><testcase classname="tests.test_installer_reboot_boundary" name="test_real_save_source_disarms_reboot_before_backup_then_restores_prior_enable_states[states1]" time="0.002" /><testcase classname="tests.test_installer_reboot_boundary" name="test_real_save_source_disarms_reboot_before_backup_then_restores_prior_enable_states[states2]" time="0.001" /><testcase classname="tests.test_installer_reboot_boundary" name="test_partial_disable_failure_restores_both_original_enable_states" time="0.001" /><testcase classname="tests.test_installer_reboot_boundary" name="test_unit_replacement_cannot_begin_with_live_or_enabled_service[UnitFileState-enabled]" time="0.002" /><testcase classname="tests.test_installer_reboot_boundary" name="test_unit_replacement_cannot_begin_with_live_or_enabled_service[ActiveState-active]" time="0.001" /><testcase classname="tests.test_installer_reboot_boundary" name="test_start_boundary_failure_keeps_latest_data_and_disables_without_old_restart" time="0.001" /><testcase classname="tests.test_installer_reboot_boundary" name="test_unknown_enable_state_rejected_before_any_service_action" time="0.001" /><testcase classname="tests.test_v975_installer" name="test_failure_before_start_preserves_source_and_restores_activity[PREPARE]" time="0.002" /><testcase classname="tests.test_v975_installer" name="test_failure_before_start_preserves_source_and_restores_activity[BACKUP]" time="0.003" /><testcase classname="tests.test_v975_installer" name="test_failure_before_start_preserves_source_and_restores_activity[MIGRATE]" time="0.003" /><testcase classname="tests.test_v975_installer" name="test_failure_before_start_preserves_source_and_restores_activity[UNITS]" time="0.003" /><testcase classname="tests.test_v975_installer" name="test_failure_after_start_never_restores_old_trading_state" time="0.003" /><testcase classname="tests.test_v975_installer" name="test_successful_repeat_does_not_import_or_restart" time="0.004" /><testcase classname="tests.test_v975_installer" name="test_interrupted_start_refuses_second_import" time="0.001" /><testcase classname="tests.test_v975_installer" name="test_crash_between_phases_does_not_guess_data_source[2_DIENSTE_STOPPEN_UND_SICHERN]" time="0.002" /><testcase classname="tests.test_v975_installer" name="test_crash_between_phases_does_not_guess_data_source[3_ZUSTAND_UEBERNEHMEN_UND_BELEGT_REPARIEREN]" time="0.001" /><testcase classname="tests.test_v975_installer" name="test_crash_between_phases_does_not_guess_data_source[4_DIENSTE_UMSTELLEN]" time="0.001" /><testcase classname="tests.test_v975_installer" name="test_conflicting_service_identity_blocks_before_any_stop[roots]" time="0.001" /><testcase classname="tests.test_v975_installer" name="test_conflicting_service_identity_blocks_before_any_stop[exec]" time="0.001" /><testcase classname="tests.test_v975_installer" name="test_conflicting_service_identity_blocks_before_any_stop[transition]" time="0.001" /><testcase classname="tests.test_v975_installer" name="test_conflicting_service_identity_blocks_before_any_stop[explicit]" time="0.001" /><testcase classname="tests.test_v975_installer" name="test_live_or_unknown_environment_never_switched_to_demo_silently[live-False]" time="0.002" /><testcase classname="tests.test_v975_installer" name="test_live_or_unknown_environment_never_switched_to_demo_silently[paper-True]" time="0.002" /><testcase classname="tests.test_v975_installer" name="test_live_or_unknown_environment_never_switched_to_demo_silently[paper-None]" time="0.002" /><testcase classname="tests.test_v975_installer" name="test_existing_target_state_is_not_overwritten" time="0.002" /><testcase classname="tests.test_v975_installer" name="test_code_hash_failure_blocks_before_service_actions" time="0.001" /><testcase classname="tests.test_v975_installer" name="test_plan_is_readonly_and_names_both_paths" time="0.002" /><testcase classname="tests.test_v975_installer" name="test_stale_or_other_domain_runtime_never_satisfies_health[change0]" time="0.001" /><testcase classname="tests.test_v975_installer" name="test_stale_or_other_domain_runtime_never_satisfies_health[change1]" time="0.001" /><testcase classname="tests.test_v975_installer" name="test_stale_or_other_domain_runtime_never_satisfies_health[change2]" time="0.001" /><testcase classname="tests.test_v975_installer" name="test_stale_or_other_domain_runtime_never_satisfies_health[change3]" time="0.001" /><testcase classname="tests.test_v975_installer" name="test_stale_or_other_domain_runtime_never_satisfies_health[change4]" time="0.001" /><testcase classname="tests.test_v975_installer" name="test_stale_or_other_domain_runtime_never_satisfies_health[change5]" time="0.001" /><testcase classname="tests.test_v975_installer" name="test_stale_or_other_domain_runtime_never_satisfies_health[change6]" time="0.001" /><testcase classname="tests.test_v975_installer" name="test_installer_calls_real_dependency_checks_before_stop" time="0.002" /><testcase classname="tests.test_v975_installer" name="test_real_offline_test_failure_leaves_previous_installation_running" time="0.003" /><testcase classname="tests.test_v975_installer" name="test_desktop_rollback_restores_old_and_preserves_new_file" time="0.002" /><testcase classname="tests.test_v975_installer" name="test_okx_native_runtime_schema_is_accepted_but_verbunden_alone_is_not" time="0.001" /><testcase classname="tests.test_v975_installer" name="test_stale_old_configured_status_cannot_pass_new_start_boundary" time="0.001" /><testcase classname="tests.test_v975_installer" name="test_real_template_rendering_does_not_start_core_and_updates_all_desktop_links" time="0.004" /><testcase classname="tests.test_v975_installer" name="test_health_phase_demands_each_enabled_broker_not_any_one" time="0.002" /><testcase classname="tests.test_v975_release_unpack" name="test_extract_and_repeat_leave_existing_states_untouched" time="0.002" /><testcase classname="tests.test_v975_release_unpack" name="test_wrong_download_checksum_never_extracts" time="0.001" /><testcase classname="tests.test_v975_release_unpack" name="test_unsafe_archive_names_rejected_before_any_write[../outside]" time="0.001" /><testcase classname="tests.test_v975_release_unpack" name="test_unsafe_archive_names_rejected_before_any_write[TradingBot_v10.1.1_NEXUS/../outside]" time="0.001" /><testcase classname="tests.test_v975_release_unpack" name="test_unsafe_archive_names_rejected_before_any_write[/absolute]" time="0.001" /><testcase classname="tests.test_v975_release_unpack" name="test_unsafe_archive_names_rejected_before_any_write[other/root.py]" time="0.001" /><testcase classname="tests.test_v975_release_unpack" name="test_unsafe_archive_names_rejected_before_any_write[TradingBot_v10.1.1_NEXUS/sub\\evil.py]" time="0.001" /><testcase classname="tests.test_v975_release_unpack" name="test_modified_existing_code_is_not_overwritten" time="0.002" /><testcase classname="tests.test_v975_release_unpack" name="test_symlink_payload_is_rejected" time="0.001" /><testcase classname="tests.test_v975_release_unpack" name="test_unmanifested_file_is_not_extracted" time="0.001" /><testcase classname="tests.test_installer_recovery" name="test_pi_installer_tests_before_creating_webui_state" time="0.001" /><testcase classname="tests.test_installer_recovery" name="test_webui_activation_recovers_missing_systemd_unit" time="0.001" /><testcase classname="tests.test_installer_recovery" name="test_webui_activation_only_recovers_a_missing_unit_before_guarding_path" time="0.001" /><testcase classname="tests.test_installer_recovery" name="test_webui_activation_renders_and_installs_missing_unit_before_starting" time="0.095" /><testcase classname="tests.test_v101_migration" name="test_real_strict_migration_preserves_quota_wal_and_pending_protection" time="0.007" /><testcase classname="tests.test_v101_migration" name="test_corrupt_quota_or_protection_aborts_before_import[massive_service.sqlite-broken sqlite]" time="0.003" /><testcase classname="tests.test_v101_migration" name="test_corrupt_quota_or_protection_aborts_before_import[etoro_protection_journal.json-{broken]" time="0.003" /><testcase classname="tests.test_v101_migration" name="test_occupied_quota_or_protection_target_is_never_merged[massive_service.sqlite]" time="0.003" /><testcase classname="tests.test_v101_migration" name="test_occupied_quota_or_protection_target_is_never_merged[etoro_protection_journal.json]" time="0.003" /><testcase classname="tests.test_v101_migration" name="test_strict_import_rejects_foreign_identity_settings_and_sidecars_before_writing[okx_credentials.json]" time="0.003" /><testcase classname="tests.test_v101_migration" name="test_strict_import_rejects_foreign_identity_settings_and_sidecars_before_writing[etoro_credentials.json]" time="0.003" /><testcase classname="tests.test_v101_migration" name="test_strict_import_rejects_foreign_identity_settings_and_sidecars_before_writing[okx_credentials.json.dpapi]" time="0.003" /><testcase classname="tests.test_v101_migration" name="test_strict_import_rejects_foreign_identity_settings_and_sidecars_before_writing[etoro_credentials.json.dpapi]" time="0.003" /><testcase classname="tests.test_v101_migration" name="test_strict_import_rejects_foreign_identity_settings_and_sidecars_before_writing[handelsmodus.txt]" time="0.003" /><testcase classname="tests.test_v101_migration" name="test_strict_import_rejects_foreign_identity_settings_and_sidecars_before_writing[aktives_profil.txt]" time="0.003" /><testcase classname="tests.test_v101_migration" name="test_strict_import_rejects_foreign_identity_settings_and_sidecars_before_writing[web_ui_settings.json]" time="0.003" /><testcase classname="tests.test_v101_migration" name="test_strict_import_rejects_foreign_identity_settings_and_sidecars_before_writing[universe_settings.json]" time="0.003" /><testcase classname="tests.test_v101_migration" name="test_strict_import_rejects_foreign_identity_settings_and_sidecars_before_writing[ai_router_settings.json]" time="0.003" /><testcase classname="tests.test_v101_migration" name="test_strict_import_rejects_foreign_identity_settings_and_sidecars_before_writing[decision_history.sqlite-wal]" time="0.003" /><testcase classname="tests.test_v101_migration" name="test_strict_import_rejects_foreign_identity_settings_and_sidecars_before_writing[decision_history.sqlite-shm]" time="0.003" /><testcase classname="tests.test_v101_migration" name="test_nonstrict_import_preserves_nonempty_ledger_even_with_empty_decisions[trades]" time="0.004" /><testcase classname="tests.test_v101_migration" name="test_nonstrict_import_preserves_nonempty_ledger_even_with_empty_decisions[execution_fills]" time="0.004" /><testcase classname="tests.test_v101_migration" name="test_nonstrict_import_preserves_nonempty_ledger_even_with_empty_decisions[execution_orders]" time="0.004" /><testcase classname="tests.test_v101_migration" name="test_nonstrict_import_preserves_nonempty_ledger_even_with_empty_decisions[broker_exit_intents]" time="0.005" /><testcase classname="tests.test_v101_migration" name="test_nonstrict_import_preserves_nonempty_ledger_even_with_empty_decisions[metadata]" time="0.005" /><testcase classname="tests.test_v101_migration" name="test_nonstrict_import_preserves_nonempty_ledger_even_with_empty_decisions[odd&quot;table]" time="0.005" /><testcase classname="tests.test_v101_migration" name="test_nonstrict_import_preserves_nonempty_ledger_even_with_empty_decisions[sqliteXtrades]" time="0.004" /><testcase classname="tests.test_v101_migration" name="test_nonstrict_import_preserves_corrupt_unknown_database" time="0.004" /><testcase classname="tests.test_v101_migration" name="test_nonstrict_import_can_replace_proven_empty_ui_initialization" time="0.005" /><testcase classname="tests.test_v101_migration" name="test_nonstrict_empty_check_includes_committed_target_wal" time="0.004" /><testcase classname="tests.test_fix3_update" name="test_partial_historical_receipt_pair_is_rejected" time="0.001" /><testcase classname="tests.test_fix3_update" name="test_historical_repair_uses_staged_context_without_promoting_liveness" time="0.004" /></testsuite></testsuites>