<?xml version="1.0" encoding="utf-8"?><testsuites name="pytest tests"><testsuite name="pytest" errors="0" failures="0" skipped="0" tests="59" time="1.573" timestamp="2026-09-13T17:13:55.414549+02:00" hostname="localhost"><testcase classname="implementation.diagnose_v10_2.test_diagnose" name="test_known_and_structured_secrets_masked_without_losing_evidence_ids" time="0.001" /><testcase classname="implementation.diagnose_v10_2.test_diagnose" name="test_free_text_secret_patterns[Authorization: Bearer abc123secret]" time="0.000" /><testcase classname="implementation.diagnose_v10_2.test_diagnose" name="test_free_text_secret_patterns[password=&quot;secret-password&quot;]" time="0.000" /><testcase classname="implementation.diagnose_v10_2.test_diagnose" name="test_free_text_secret_patterns[https://api.telegram.org/bot123456789:abcdefGHIJKLMNOPQRSTUVWXYZ123456/sendMessage]" time="0.000" /><testcase classname="implementation.diagnose_v10_2.test_diagnose" name="test_free_text_secret_patterns[sk-proj-THISISASECRET000000000000000000000]" time="0.000" /><testcase classname="implementation.diagnose_v10_2.test_diagnose" name="test_config_is_parsed_without_execution" time="0.002" /><testcase classname="implementation.diagnose_v10_2.test_diagnose" name="test_symlink_and_nonregular_reads_refused" time="0.001" /><testcase classname="implementation.diagnose_v10_2.test_diagnose" name="test_large_and_corrupt_json_explicit" time="0.001" /><testcase classname="implementation.diagnose_v10_2.test_diagnose" name="test_database_missing_never_created" time="0.001" /><testcase classname="implementation.diagnose_v10_2.test_diagnose" name="test_live_wal_commits_visible_and_database_bytes_unchanged" time="0.003" /><testcase classname="implementation.diagnose_v10_2.test_diagnose" name="test_readonly_connection_rejects_mutation" time="0.001" /><testcase classname="implementation.diagnose_v10_2.test_diagnose" name="test_locked_and_corrupt_databases_reported" time="0.103" /><testcase classname="implementation.diagnose_v10_2.test_diagnose" name="test_table_limit_and_embedded_json_redaction" time="0.003" /><testcase classname="implementation.diagnose_v10_2.test_diagnose" name="test_oversize_database_cell_omitted" time="0.011" /><testcase classname="implementation.diagnose_v10_2.test_diagnose" name="test_old_open_trade_retained_before_new_closed_trades" time="0.002" /><testcase classname="implementation.diagnose_v10_2.test_diagnose" name="test_pulsar_packet_loss_and_actual_text_application" time="0.002" /><testcase classname="implementation.diagnose_v10_2.test_diagnose" name="test_unknown_gpt_receipts_and_late_usage_do_not_invent_success" time="0.000" /><testcase classname="implementation.diagnose_v10_2.test_diagnose" name="test_cache_use_is_not_new_gpt_call" time="0.000" /><testcase classname="implementation.diagnose_v10_2.test_diagnose" name="test_weekend_pulsar_schedule_and_empty_candidates" time="0.000" /><testcase classname="implementation.diagnose_v10_2.test_diagnose" name="test_candle_anomalies_have_actual_evidence" time="0.000" /><testcase classname="implementation.diagnose_v10_2.test_diagnose" name="test_unknown_and_stale_broker_statuses_are_separate" time="0.000" /><testcase classname="implementation.diagnose_v10_2.test_diagnose" name="test_root_selection_uses_services_and_refuses_mismatch" time="0.002" /><testcase classname="implementation.diagnose_v10_2.test_diagnose" name="test_source_hash_changes_visible" time="0.002" /><testcase classname="implementation.diagnose_v10_2.test_diagnose" name="test_archive_names_unique_and_manifest_valid" time="0.004" /><testcase classname="implementation.diagnose_v10_2.test_diagnose" name="test_global_output_limit_is_explicit" time="0.002" /><testcase classname="implementation.diagnose_v10_2.test_diagnose" name="test_end_to_end_zip_preserves_source_and_contains_processing_evidence" time="0.074" /><testcase classname="implementation.diagnose_v10_2.test_diagnose" name="test_missing_root_still_produces_error_zip" time="0.007" /><testcase classname="implementation.diagnose_v10_2.test_diagnose" name="test_bad_arguments_rejected_before_collection[args0]" time="0.001" /><testcase classname="implementation.diagnose_v10_2.test_diagnose" name="test_bad_arguments_rejected_before_collection[args1]" time="0.001" /><testcase classname="implementation.diagnose_v10_2.test_diagnose" name="test_bad_arguments_rejected_before_collection[args2]" time="0.001" /><testcase classname="implementation.diagnose_v10_2.test_diagnose" name="test_bad_arguments_rejected_before_collection[args3]" time="0.001" /><testcase classname="implementation.diagnose_v10_2.test_diagnose" name="test_output_in_bot_folder_refused" time="0.002" /><testcase classname="implementation.diagnose_v10_2.test_diagnose" name="test_mutating_command_refused" time="0.000" /><testcase classname="implementation.diagnose_v10_2.test_diagnose" name="test_real_short_observation_has_start_end_measurements" time="0.349" /><testcase classname="implementation.diagnose_v10_2.test_diagnose" name="test_etoro_user_keys_and_okx_passphrases_removed" time="0.000" /><testcase classname="implementation.diagnose_v10_2.test_diagnose" name="test_snapshot_records_runtime_changes" time="0.153" /><testcase classname="implementation.diagnose_v10_2.test_diagnose" name="test_permission_error_does_not_abort_other_state_files" time="0.008" /><testcase classname="implementation.diagnose_v10_2.test_diagnose" name="test_actual_starter_and_unique_repeat" time="0.272" /><testcase classname="implementation.diagnose_v10_2.test_diagnose" name="test_actual_starter_interrupt_creates_partial_zip[2]" time="0.129" /><testcase classname="implementation.diagnose_v10_2.test_diagnose" name="test_actual_starter_interrupt_creates_partial_zip[15]" time="0.130" /><testcase classname="implementation.diagnose_v10_2.test_diagnose" name="test_basic_authorization_and_all_cookies_redacted" time="0.000" /><testcase classname="implementation.diagnose_v10_2.test_diagnose" name="test_read_transaction_count_and_rows_stay_consistent_under_writer" time="0.002" /><testcase classname="implementation.diagnose_v10_2.test_diagnose" name="test_incomplete_pulsar_card_keeps_unknown_and_does_not_break_report" time="0.000" /><testcase classname="implementation.diagnose_v10_2.test_diagnose" name="test_rollback_writer_can_commit_during_slow_redaction" time="0.003" /><testcase classname="implementation.diagnose_v10_2.test_diagnose" name="test_slow_masking_does_not_expire_following_table_query" time="0.035" /><testcase classname="implementation.diagnose_v10_2.test_diagnose" name="test_sample_releases_live_read_lock_before_redaction" time="0.002" /><testcase classname="implementation.diagnose_v10_2.test_diagnose" name="test_snapshot_timeout_cleans_raw_copy" time="0.003" /><testcase classname="implementation.diagnose_v10_2.test_diagnose" name="test_new_decisions_selected_ahead_of_old_recently_updated_rows" time="0.002" /><testcase classname="implementation.diagnose_v10_2.test_diagnose" name="test_failed_export_produces_unknown_count_and_visible_error_zip" time="0.051" /><testcase classname="implementation.diagnose_v10_2.test_diagnose" name="test_okx_readiness_and_connection_state_real_nexus_schema" time="0.000" /><testcase classname="implementation.diagnose_v10_2.test_diagnose" name="test_unchanged_large_pulsar_packet_is_masked_once_and_change_detected" time="0.004" /><testcase classname="implementation.diagnose_v10_2.test_diagnose" name="test_default_mode_is_30_minutes_and_zero_duration_identified" time="0.069" /><testcase classname="implementation.diagnose_v10_2.test_diagnose" name="test_new_provider_and_candle_evidence_are_collected" time="0.007" /><testcase classname="implementation.diagnose_v10_2.test_diagnose" name="test_provider_counts_do_not_turn_missing_evidence_into_zero[MISSING-None]" time="0.000" /><testcase classname="implementation.diagnose_v10_2.test_diagnose" name="test_provider_counts_do_not_turn_missing_evidence_into_zero[ERROR-None]" time="0.000" /><testcase classname="implementation.diagnose_v10_2.test_diagnose" name="test_provider_counts_do_not_turn_missing_evidence_into_zero[OK-0]" time="0.000" /><testcase classname="implementation.diagnose_v10_2.test_diagnose" name="test_truncated_provider_export_reports_only_a_lower_bound" time="0.000" /><testcase classname="implementation.diagnose_v10_2.test_diagnose" name="test_launcher_fallback_prefers_its_actual_installation_over_an_old_release" time="0.001" /><testcase classname="implementation.diagnose_v10_2.test_diagnose" name="test_without_service_or_launcher_multiple_versions_are_ambiguous" time="0.002" /></testsuite></testsuites>