<?xml version="1.0" encoding="utf-8"?><testsuites name="pytest tests"><testsuite name="pytest" errors="0" failures="0" skipped="0" tests="2835" time="63.267" timestamp="2026-09-13T17:14:28.706013+02:00" hostname="localhost"><testcase classname="tests.test_ai_attention.AIAttentionTests" name="test_failure_changes_only_ordering_feature" time="0.008" /><testcase classname="tests.test_ai_attention.AIAttentionTests" name="test_unknown_ticker_is_discarded_and_no_signal_is_returned" time="0.004" /><testcase classname="tests.test_alle_module_importierbar.ModulImportTest" name="test_hauptmodul_ist_importierbar" time="0.068" /><testcase classname="tests.test_alle_module_importierbar.ModulImportTest" name="test_jedes_modul_laesst_sich_importieren" time="0.341" /><testcase classname="tests.test_backtest_intrabar.IntrabarTests" name="test_both_hit_same_bar_uses_conservative_stop_first" time="0.001" /><testcase classname="tests.test_backtest_intrabar.IntrabarTests" name="test_gap_below_stop_uses_open" time="0.001" /><testcase classname="tests.test_backtest_intrabar.IntrabarTests" name="test_stop_detected_even_when_close_recovers" time="0.001" /><testcase classname="tests.test_candidate_gate.CandidateGateTests" name="test_all_money_path_gates_can_block" time="0.001" /><testcase classname="tests.test_candidate_gate.CandidateGateTests" name="test_bad_stop_take_geometry_is_blocked" time="0.001" /><testcase classname="tests.test_candidate_gate.CandidateGateTests" name="test_failures_are_deterministic_and_ordered" time="0.001" /><testcase classname="tests.test_candidate_gate.CandidateGateTests" name="test_valid_candidate_passes" time="0.001" /><testcase classname="tests.test_daily_universe_membership" name="test_one_membership_batch_per_local_day[okx]" time="0.005" /><testcase classname="tests.test_daily_universe_membership" name="test_one_membership_batch_per_local_day[etoro]" time="0.004" /><testcase classname="tests.test_daily_universe_membership" name="test_marker_and_core_survive_a_fresh_manager" time="0.003" /><testcase classname="tests.test_daily_universe_membership" name="test_brokers_have_independent_days" time="0.002" /><testcase classname="tests.test_daily_universe_membership" name="test_intraday_safety_block_persists_without_removal" time="0.003" /><testcase classname="tests.test_daily_universe_membership" name="test_daily_removal_does_not_readd_same_symbol" time="0.002" /><testcase classname="tests.test_daily_universe_membership" name="test_scores_and_probation_continue_intraday" time="0.003" /><testcase classname="tests.test_daily_universe_membership" name="test_new_position_is_monitored_intraday" time="0.002" /><testcase classname="tests.test_daily_universe_membership" name="test_held_position_stays_monitored_but_cannot_buy_after_safety_event" time="0.002" /><testcase classname="tests.test_daily_universe_membership" name="test_empty_snapshot_does_not_consume_new_day" time="0.003" /><testcase classname="tests.test_daily_universe_membership" name="test_calendar_uses_berlin_and_does_not_follow_clock_backwards" time="0.003" /><testcase classname="tests.test_daily_universe_membership" name="test_old_state_migrates_without_losing_members" time="0.001" /><testcase classname="tests.test_daily_universe_membership" name="test_failed_write_does_not_consume_batch_or_publish_new_state" time="0.002" /><testcase classname="tests.test_daily_universe_membership" name="test_parallel_runs_share_one_membership_batch" time="0.003" /><testcase classname="tests.test_daily_universe_membership" name="test_optional_ai_does_not_hold_the_position_read_lock" time="0.002" /><testcase classname="tests.test_etoro_flr_resolution.EtoroFLRResolutionTests" name="test_crypto_cannot_fall_back_to_flr_us" time="0.001" /><testcase classname="tests.test_etoro_flr_resolution.EtoroFLRResolutionTests" name="test_flr_crypto_resolves_only_crypto" time="0.001" /><testcase classname="tests.test_etoro_flr_resolution.EtoroFLRResolutionTests" name="test_flr_stock_resolves_only_fluor" time="0.001" /><testcase classname="tests.test_etoro_order_adapter.EtoroOrderAdapterTests" name="test_real_fill_is_parsed_with_position_id_and_no_retry" time="0.004" /><testcase classname="tests.test_etoro_order_adapter.EtoroOrderAdapterTests" name="test_transport_ambiguity_never_reposts" time="0.002" /><testcase classname="tests.test_fix3_pulsar_timeouts" name="test_late_usage_settles_both_budgets_once_without_adopting_text" time="0.029" /><testcase classname="tests.test_fix3_pulsar_timeouts" name="test_invalid_json_with_usage_is_accounted_once" time="0.007" /><testcase classname="tests.test_fix3_pulsar_timeouts" name="test_unknown_response_keeps_reservation" time="0.005" /><testcase classname="tests.test_fix3_pulsar_timeouts" name="test_proven_not_sent_releases_only_its_reservation[disabled]" time="0.005" /><testcase classname="tests.test_fix3_pulsar_timeouts" name="test_proven_not_sent_releases_only_its_reservation[budget]" time="0.005" /><testcase classname="tests.test_fix3_pulsar_timeouts" name="test_proven_not_sent_releases_only_its_reservation[transport]" time="0.007" /><testcase classname="tests.test_fix3_pulsar_timeouts" name="test_one_batch_has_90_seconds_and_persistent_error_cooldown" time="0.011" /><testcase classname="tests.test_fix3_pulsar_timeouts" name="test_mode_change_discards_valid_precheck" time="0.005" /><testcase classname="tests.test_fix3_pulsar_timeouts" name="test_late_web_usage_reconciles_cost_and_tool_quota" time="0.010" /><testcase classname="tests.test_fix3_pulsar_timeouts" name="test_heartbeat_runs_during_blocked_research_and_stops" time="0.013" /><testcase classname="tests.test_fix3_update" name="test_partial_historical_receipt_pair_is_rejected" time="0.001" /><testcase classname="tests.test_fix3_update" name="test_historical_repair_uses_staged_context_without_promoting_liveness" time="0.004" /><testcase classname="tests.test_installer_recovery" name="test_pi_installer_tests_before_creating_webui_state" time="0.001" /><testcase classname="tests.test_installer_recovery" name="test_webui_activation_recovers_missing_systemd_unit" time="0.001" /><testcase classname="tests.test_installer_recovery" name="test_webui_activation_only_recovers_a_missing_unit_before_guarding_path" time="0.001" /><testcase classname="tests.test_installer_recovery" name="test_webui_activation_renders_and_installs_missing_unit_before_starting" time="0.111" /><testcase classname="tests.test_instrument_identity.InstrumentIdentityTests" name="test_crypto_flr_never_matches_us_stock" time="0.001" /><testcase classname="tests.test_instrument_identity.InstrumentIdentityTests" name="test_flr_stock_and_crypto_have_different_identity" time="0.001" /><testcase classname="tests.test_instrument_identity.InstrumentIdentityTests" name="test_stock_suffix_cannot_be_normalized_as_crypto" time="0.001" /><testcase classname="tests.test_money_path_integration.MoneyPathIntegrationTests" name="test_flr_stock_e2e_gate_submit_journal_and_telegram_queue" time="0.011" /><testcase classname="tests.test_notifier_buttons" name="test_inline_keyboard_is_persisted_with_message" time="0.001" /><testcase classname="tests.test_order_execution.ExecutionJournalTests" name="test_ambiguous_submit_is_never_retried_and_is_recoverable" time="0.008" /><testcase classname="tests.test_order_execution.ExecutionJournalTests" name="test_definitive_rejection_terminalizes_intent_and_clears_context" time="0.008" /><testcase classname="tests.test_order_execution.ExecutionJournalTests" name="test_real_fill_persists_actual_broker_identity_and_live_flag" time="0.009" /><testcase classname="tests.test_order_execution.ExecutionJournalTests" name="test_uncertain_submit_clears_context_but_keeps_account_lock" time="0.008" /><testcase classname="tests.test_profil_bootstrap" name="test_kaltstart_wendet_gespeichertes_profil_an[ausgewogen]" time="0.057" /><testcase classname="tests.test_profil_bootstrap" name="test_kaltstart_wendet_gespeichertes_profil_an[konservativ]" time="0.057" /><testcase classname="tests.test_profil_bootstrap" name="test_kaltstart_wendet_gespeichertes_profil_an[offensiv]" time="0.071" /><testcase classname="tests.test_profil_bootstrap" name="test_konservativ_begrenzt_positionen_wirklich" time="0.004" /><testcase classname="tests.test_profil_bootstrap" name="test_unbekanntes_profil_sperrt_und_setzt_konservativ[ultra]" time="0.001" /><testcase classname="tests.test_profil_bootstrap" name="test_unbekanntes_profil_sperrt_und_setzt_konservativ[OFFENSIV_XXL]" time="0.001" /><testcase classname="tests.test_profil_bootstrap" name="test_unbekanntes_profil_sperrt_und_setzt_konservativ[]" time="0.001" /><testcase classname="tests.test_profil_bootstrap" name="test_unbekanntes_profil_sperrt_und_setzt_konservativ[   \n]" time="0.001" /><testcase classname="tests.test_profil_bootstrap" name="test_fehlende_datei_nutzt_default_ohne_sperre" time="0.004" /><testcase classname="tests.test_profil_bootstrap" name="test_import_ueberlebt_kaputte_profiles" time="0.001" /><testcase classname="tests.test_profil_bootstrap" name="test_backtest_positionsgroesse_folgt_dem_profil" time="0.005" /><testcase classname="tests.test_profil_bootstrap" name="test_kein_modul_kopiert_config_werte_beim_import" time="0.034" /><testcase classname="tests.test_protection_confirmed.ProtectionConfirmationTests" name="test_human_text_cannot_enable_management" time="0.001" /><testcase classname="tests.test_release_hygiene_venv" name="test_static_hygiene_ignores_virtualenv_foreign_code" time="0.002" /><testcase classname="tests.test_release_hygiene_venv" name="test_static_hygiene_still_checks_own_source" time="0.001" /><testcase classname="tests.test_release_hygiene_venv" name="test_static_hygiene_rejects_runtime_state_in_release" time="0.001" /><testcase classname="tests.test_release_hygiene_venv" name="test_static_hygiene_allows_state_only_for_installed_tree" time="0.001" /><testcase classname="tests.test_release_policy" name="test_broker_package_kennt_genau_zwei_adapter" time="0.001" /><testcase classname="tests.test_release_policy" name="test_unbekannter_broker_ist_ein_harter_fehler" time="0.001" /><testcase classname="tests.test_release_policy" name="test_okx_handelt_ausschliesslich_spot" time="0.001" /><testcase classname="tests.test_release_policy" name="test_runtime_dependencies_are_minimal_and_reproducible" time="0.001" /><testcase classname="tests.test_release_policy" name="test_pi_installer_installs_pinned_pytest_before_volltest" time="0.001" /><testcase classname="tests.test_release_policy" name="test_live_trader_uses_candidate_decision_contract" time="0.002" /><testcase classname="tests.test_release_policy" name="test_v511_human_gate_and_strategy_analyst_have_no_order_rights" time="0.001" /><testcase classname="tests.test_release_policy" name="test_pi_installer_leaves_new_service_stopped_until_human_activation" time="0.001" /><testcase classname="tests.test_release_policy" name="test_explicit_service_activation_remains_separate_human_step" time="0.001" /><testcase classname="tests.test_risk_equity_guard.EquityGuardTests" name="test_unrealized_equity_loss_blocks_only_new_entries" time="0.003" /><testcase classname="tests.test_risk_profile_control" name="test_activate_risk_profile_persists_atomically_and_applies_config" time="0.001" /><testcase classname="tests.test_risk_profile_control" name="test_invalid_risk_profile_is_rejected_before_persistence" time="0.001" /><testcase classname="tests.test_risk_profile_control" name="test_risk1_and_risk2_still_use_immediate_profile_path" time="0.001" /><testcase classname="tests.test_strategy_analyst" name="test_strategy_snapshot_uses_sample_sizes_and_ai_can_be_off" time="0.075" /><testcase classname="tests.test_telegram_risk3_confirmation" name="test_risk3_command_only_creates_confirmation_and_does_not_execute" time="0.001" /><testcase classname="tests.test_telegram_risk3_confirmation" name="test_risk3_confirmation_is_one_time_and_activates_only_after_callback" time="0.001" /><testcase classname="tests.test_telegram_risk3_confirmation" name="test_risk3_expired_confirmation_cannot_activate" time="0.001" /><testcase classname="tests.test_telegram_risk3_confirmation" name="test_risk3_callback_still_requires_authorized_user" time="0.001" /><testcase classname="tests.test_telegram_risk3_confirmation" name="test_generic_risk3_execution_is_defense_in_depth_blocked" time="0.001" /><testcase classname="tests.test_telegram_risk3_confirmation" name="test_risk3_cancel_consumes_token_without_activation" time="0.001" /><testcase classname="tests.test_telegram_risk3_confirmation" name="test_risk3_ja_cannot_bypass_button_confirmation" time="0.001" /><testcase classname="tests.test_telegram_trade_queue.TelegramTradeQueueTests" name="test_trade_is_persisted_before_failed_delivery" time="0.002" /><testcase classname="tests.test_telegram_trade_queue.TelegramTradeQueueTests" name="test_trade_stays_persisted_when_credentials_are_temporarily_missing" time="0.001" /><testcase classname="tests.test_telegram_universe_callbacks" name="test_authorized_callback_can_only_request_review" time="0.002" /><testcase classname="tests.test_telegram_universe_callbacks" name="test_callback_requires_authorized_user_even_in_authorized_chat" time="0.001" /><testcase classname="tests.test_universe_human_gate" name="test_two_human_stages_before_persistent_universe" time="0.004" /><testcase classname="tests.test_universe_human_gate" name="test_research_module_has_no_universe_write_or_order_rights" time="0.001" /><testcase classname="tests.test_universe_human_gate" name="test_approved_rows_are_merged_only_when_merge_is_called" time="0.002" /><testcase classname="tests.test_universe_research" name="test_research_filters_existing_and_bad_sources_and_never_approves" time="0.005" /><testcase classname="tests.test_universe_research" name="test_source_validation_rejects_local_and_ip_hosts" time="0.001" /><testcase classname="tests.test_universe_review" name="test_deterministic_review_passes_liquid_established_etoro_stock" time="0.005" /><testcase classname="tests.test_universe_review" name="test_review_blocks_fresh_ipo_by_history_length" time="0.002" /><testcase classname="tests.test_universe_review" name="test_review_blocks_warrant_or_spac_metadata" time="0.001" /><testcase classname="tests.test_universe_review" name="test_review_blocks_existing_universe_without_broker_calls" time="0.001" /><testcase classname="tests.test_v100_analysis_jobs" name="test_invalid_pid_never_signals_process_group[None]" time="0.004" /><testcase classname="tests.test_v100_analysis_jobs" name="test_invalid_pid_never_signals_process_group[0]" time="0.001" /><testcase classname="tests.test_v100_analysis_jobs" name="test_invalid_pid_never_signals_process_group[-1]" time="0.001" /><testcase classname="tests.test_v100_analysis_jobs" name="test_invalid_pid_never_signals_process_group[bad]" time="0.001" /><testcase classname="tests.test_v100_analysis_jobs" name="test_invalid_pid_never_signals_process_group[True]" time="0.001" /><testcase classname="tests.test_v100_analysis_jobs" name="test_invalid_pid_never_signals_process_group[1.5]" time="0.001" /><testcase classname="tests.test_v100_analysis_jobs" name="test_reused_pid_is_not_this_job" time="0.001" /><testcase classname="tests.test_v100_analysis_jobs" name="test_starting_lease_counts_for_admission_and_expires" time="0.002" /><testcase classname="tests.test_v100_analysis_jobs" name="test_legacy_live_pid_without_creation_identity_is_unknown" time="0.002" /><testcase classname="tests.test_v100_analysis_jobs" name="test_corrupt_job_is_preserved_and_prevents_duplicate_launch" time="0.001" /><testcase classname="tests.test_v100_analysis_jobs" name="test_two_simultaneous_requests_launch_one_worker" time="0.003" /><testcase classname="tests.test_v100_analysis_jobs" name="test_independent_webui_processes_share_admission_lock" time="0.068" /><testcase classname="tests.test_v100_analysis_jobs" name="test_failed_launch_leaves_terminal_evidence_not_stale_starting" time="0.003" /><testcase classname="tests.test_v100_analysis_jobs" name="test_non_allowlisted_command_never_spawns" time="0.001" /><testcase classname="tests.test_v100_analysis_jobs" name="test_worker_refuses_wrong_task_or_reused_identity" time="0.002" /><testcase classname="tests.test_v100_analysis_jobs" name="test_actual_short_child_succeeds_and_receives_single_thread_limits" time="0.104" /><testcase classname="tests.test_v100_analysis_jobs" name="test_flushed_progress_is_visible_before_analysis_finishes" time="0.204" /><testcase classname="tests.test_v100_analysis_jobs" name="test_timeout_stops_child_and_descendant_in_own_group" time="0.507" /><testcase classname="tests.test_v100_analysis_jobs" name="test_excess_output_stops_child_and_bounds_disk_use" time="0.296" /><testcase classname="tests.test_v100_analysis_jobs" name="test_output_reads_only_bounded_tail" time="0.012" /><testcase classname="tests.test_v100_analysis_jobs" name="test_kernel_identity_changes_when_process_exits" time="0.002" /><testcase classname="tests.test_v100_analysis_jobs" name="test_missing_pidfd_in_different_namespace_does_not_guess_host_pid" time="0.001" /><testcase classname="tests.test_v100_analysis_jobs" name="test_log_redaction_masks_before_truncation_and_preserves_default" time="0.007" /><testcase classname="tests.test_v100_analysis_jobs" name="test_active_child_survives_missing_supervisor_as_blocked_evidence" time="0.002" /><testcase classname="tests.test_v100_broker_health" name="test_private_rest_success_is_not_websocket_or_other_broker_success" time="0.001" /><testcase classname="tests.test_v100_broker_health" name="test_last_success_survives_timeout_but_current_state_is_error" time="0.001" /><testcase classname="tests.test_v100_broker_health" name="test_missing_data_is_never_a_successful_empty_snapshot[payload0]" time="0.001" /><testcase classname="tests.test_v100_broker_health" name="test_missing_data_is_never_a_successful_empty_snapshot[payload1]" time="0.001" /><testcase classname="tests.test_v100_broker_health" name="test_missing_data_is_never_a_successful_empty_snapshot[payload2]" time="0.001" /><testcase classname="tests.test_v100_broker_health" name="test_missing_data_is_never_a_successful_empty_snapshot[payload3]" time="0.001" /><testcase classname="tests.test_v100_broker_health" name="test_malformed_order_reply_stays_unknown_and_has_one_transport_attempt" time="0.001" /><testcase classname="tests.test_v100_broker_health" name="test_definitive_rejection_is_a_received_response_not_a_connection_loss" time="0.001" /><testcase classname="tests.test_v100_broker_health" name="test_retry_timeout_does_not_reuse_earlier_attempts_http_success" time="0.001" /><testcase classname="tests.test_v100_broker_health" name="test_out_of_order_completion_does_not_erase_later_failure" time="0.001" /><testcase classname="tests.test_v100_broker_health" name="test_limiter_failure_is_attempted_but_not_sent" time="0.001" /><testcase classname="tests.test_v100_broker_health" name="test_etoro_post_default_never_retries_after_transport_timeout" time="0.001" /><testcase classname="tests.test_v100_broker_health" name="test_protection_observation_counts_real_duration_and_retains_success" time="0.001" /><testcase classname="tests.test_v100_broker_health" name="test_engine_measures_failed_real_position_check" time="0.001" /><testcase classname="tests.test_v100_broker_health" name="test_preflight_is_read_only_scoped_and_does_not_rename_existing_instrument" time="0.001" /><testcase classname="tests.test_v100_broker_health" name="test_public_catalog_does_not_confirm_private_migration_contract" time="0.001" /><testcase classname="tests.test_v100_broker_health" name="test_older_instrument_response_cannot_overwrite_newer_catalog" time="0.001" /><testcase classname="tests.test_v100_broker_health" name="test_failed_refresh_invalidates_cached_private_capabilities" time="0.001" /><testcase classname="tests.test_v100_broker_health" name="test_native_fill_survives_eio_and_protection_is_still_attempted[position]" time="0.024" /><testcase classname="tests.test_v100_broker_health" name="test_native_fill_survives_eio_and_protection_is_still_attempted[registry]" time="0.021" /><testcase classname="tests.test_v100_broker_health" name="test_native_fill_survives_eio_and_protection_is_still_attempted[protection_projection]" time="0.021" /><testcase classname="tests.test_v100_broker_health" name="test_native_fill_survives_eio_and_protection_is_still_attempted[ledger]" time="0.024" /><testcase classname="tests.test_v100_broker_health" name="test_etoro_failed_snapshot_is_not_published_as_complete_empty_account" time="0.002" /><testcase classname="tests.test_v100_etoro_risk_projection" name="test_realized_risk_write_failure_aborts_before_journal_and_tracker" time="0.201" /><testcase classname="tests.test_v100_etoro_risk_projection" name="test_receipt_alias_or_unknown_marker_failure_never_commits_fill[adopt_receipt_alias]" time="0.003" /><testcase classname="tests.test_v100_etoro_risk_projection" name="test_receipt_alias_or_unknown_marker_failure_never_commits_fill[register_unknown_pnl_at]" time="0.002" /><testcase classname="tests.test_v100_etoro_risk_projection" name="test_persisted_unknown_receipt_recovers_even_with_no_new_broker_fill" time="0.005" /><testcase classname="tests.test_v100_etoro_risk_projection" name="test_risk_receipt_must_match_exact_broker_account_environment_position[change0]" time="0.002" /><testcase classname="tests.test_v100_etoro_risk_projection" name="test_risk_receipt_must_match_exact_broker_account_environment_position[change1]" time="0.002" /><testcase classname="tests.test_v100_etoro_risk_projection" name="test_risk_receipt_must_match_exact_broker_account_environment_position[change2]" time="0.002" /><testcase classname="tests.test_v100_etoro_risk_projection" name="test_risk_receipt_must_match_exact_broker_account_environment_position[change3]" time="0.002" /><testcase classname="tests.test_v100_etoro_risk_projection" name="test_empty_poll_cannot_return_buy_permission_with_unresolved_risk_failure" time="0.001" /><testcase classname="tests.test_v100_execution_recovery" name="test_terminal_native_evidence_survives_weaker_same_quantity_snapshot" time="0.004" /><testcase classname="tests.test_v100_execution_recovery" name="test_incomplete_fee_snapshot_cannot_overwrite_proven_net_quantity" time="0.003" /><testcase classname="tests.test_v100_execution_recovery" name="test_numeric_formatting_change_does_not_erase_accounting_receipt" time="0.004" /><testcase classname="tests.test_v100_execution_recovery" name="test_complete_late_base_fee_enriches_evidence_and_invalidates_old_accounting" time="0.012" /><testcase classname="tests.test_v100_execution_recovery" name="test_late_ack_does_not_turn_partial_fill_back_into_open" time="0.005" /><testcase classname="tests.test_v100_execution_recovery" name="test_cancel_then_delayed_native_fill_keeps_terminal_fact[4-PARTIALLY_FILLED_CANCELED]" time="0.006" /><testcase classname="tests.test_v100_execution_recovery" name="test_cancel_then_delayed_native_fill_keeps_terminal_fact[10-FILLED]" time="0.004" /><testcase classname="tests.test_v100_execution_recovery" name="test_late_fill_after_proven_rejection_is_conflict_not_implicit_reopening" time="0.003" /><testcase classname="tests.test_v100_execution_recovery" name="test_out_of_order_and_duplicate_replay_converges_to_native_fill_total[sequence0]" time="0.005" /><testcase classname="tests.test_v100_execution_recovery" name="test_out_of_order_and_duplicate_replay_converges_to_native_fill_total[sequence1]" time="0.006" /><testcase classname="tests.test_v100_execution_recovery" name="test_out_of_order_and_duplicate_replay_converges_to_native_fill_total[sequence2]" time="0.004" /><testcase classname="tests.test_v100_execution_recovery" name="test_conflicting_duplicate_preserves_all_previous_economic_facts" time="0.003" /><testcase classname="tests.test_v100_execution_recovery" name="test_incomplete_larger_quantity_does_not_inherit_prior_completeness" time="0.005" /><testcase classname="tests.test_v100_execution_recovery" name="test_two_stale_trackers_keep_both_native_execution_ids" time="0.002" /><testcase classname="tests.test_v100_execution_recovery" name="test_semantically_corrupt_tracker_blocks_and_preserves_original[changed0]" time="0.002" /><testcase classname="tests.test_v100_execution_recovery" name="test_semantically_corrupt_tracker_blocks_and_preserves_original[changed1]" time="0.001" /><testcase classname="tests.test_v100_execution_recovery" name="test_semantically_corrupt_tracker_blocks_and_preserves_original[changed2]" time="0.001" /><testcase classname="tests.test_v100_execution_recovery" name="test_semantically_corrupt_tracker_blocks_and_preserves_original[changed3]" time="0.001" /><testcase classname="tests.test_v100_execution_recovery" name="test_semantically_corrupt_tracker_blocks_and_preserves_original[changed4]" time="0.001" /><testcase classname="tests.test_v100_execution_recovery" name="test_semantically_corrupt_tracker_blocks_and_preserves_original[changed5]" time="0.001" /><testcase classname="tests.test_v100_execution_recovery" name="test_semantically_corrupt_tracker_blocks_and_preserves_original[changed6]" time="0.001" /><testcase classname="tests.test_v100_execution_recovery" name="test_semantically_corrupt_tracker_blocks_and_preserves_original[changed7]" time="0.001" /><testcase classname="tests.test_v100_execution_recovery" name="test_legacy_tracker_missing_new_metadata_preserves_native_ids" time="0.001" /><testcase classname="tests.test_v100_execution_recovery" name="test_parallel_tracker_writers_do_not_lose_checkpoints" time="0.012" /><testcase classname="tests.test_v100_execution_recovery" name="test_unchanged_history_poll_does_not_reparse_checkpoint_per_fill" time="0.009" /><testcase classname="tests.test_v100_execution_recovery" name="test_tracker_merge_is_process_safe" time="0.166" /><testcase classname="tests.test_v100_execution_recovery" name="test_older_cumulative_commit_cannot_replace_newer_value_or_fee" time="0.002" /><testcase classname="tests.test_v100_execution_recovery" name="test_same_quantity_with_conflicting_total_is_not_silently_merged" time="0.001" /><testcase classname="tests.test_v100_execution_recovery" name="test_late_seed_cannot_mark_offline_fill_seen" time="0.001" /><testcase classname="tests.test_v100_execution_recovery" name="test_tracker_does_not_prune_old_native_ids_by_sort_order" time="0.006" /><testcase classname="tests.test_v100_execution_recovery" name="test_failed_durable_checkpoint_can_be_retried_without_false_ack" time="0.001" /><testcase classname="tests.test_v100_execution_recovery" name="test_lifecycle_projection_failure_rolls_back_ledger_exit_and_receipt" time="0.024" /><testcase classname="tests.test_v100_execution_recovery" name="test_process_death_before_shared_commit_leaves_no_half_accounted_exit" time="0.335" /><testcase classname="tests.test_v100_execution_recovery" name="test_open_projection_failure_rolls_back_new_trade" time="0.013" /><testcase classname="tests.test_v100_execution_recovery" name="test_atomic_projection_does_not_ack_same_order_id_in_other_environment" time="0.013" /><testcase classname="tests.test_v100_execution_recovery" name="test_missing_broker_order_id_uses_exact_entry_client_not_symbol_quantity" time="0.011" /><testcase classname="tests.test_v100_execution_recovery" name="test_legacy_ledger_without_execution_table_remains_supported" time="0.006" /><testcase classname="tests.test_v100_frontend" name="test_frontend_behaviour_including_unknown_data_polling_and_scope" time="0.139" /><testcase classname="tests.test_v100_risk_persistence" name="test_original_symbol_set_counterexample_keeps_true_daily_loss" time="0.008" /><testcase classname="tests.test_v100_risk_persistence" name="test_position_turnover_does_not_clear_existing_latch[]" time="0.003" /><testcase classname="tests.test_v100_risk_persistence" name="test_position_turnover_does_not_clear_existing_latch[SUI]" time="0.003" /><testcase classname="tests.test_v100_risk_persistence" name="test_position_turnover_does_not_clear_existing_latch[ETH,SUI]" time="0.003" /><testcase classname="tests.test_v100_risk_persistence" name="test_position_turnover_does_not_clear_existing_latch[ETH]" time="0.003" /><testcase classname="tests.test_v100_risk_persistence" name="test_currency_or_method_change_is_review_not_new_equity" time="0.002" /><testcase classname="tests.test_v100_risk_persistence" name="test_scope_switch_is_local_and_survives_restart_and_midnight" time="0.004" /><testcase classname="tests.test_v100_risk_persistence" name="test_normal_local_day_rollover_resets_only_daily_equity_guard" time="0.003" /><testcase classname="tests.test_v100_risk_persistence" name="test_legacy_migration_backs_up_exact_state_and_preserves_halts_and_receipts" time="0.003" /><testcase classname="tests.test_v100_risk_persistence" name="test_migration_backup_failure_preserves_original_and_blocks" time="0.003" /><testcase classname="tests.test_v100_risk_persistence" name="test_corrupt_risk_state_is_never_overwritten_with_zero_state" time="0.001" /><testcase classname="tests.test_v100_risk_persistence" name="test_manager_basis_is_stable_with_position_membership_and_scope" time="0.003" /><testcase classname="tests.test_v100_risk_persistence" name="test_file_fsync_failure_is_not_success_or_retry[5]" time="0.001" /><testcase classname="tests.test_v100_risk_persistence" name="test_file_fsync_failure_is_not_success_or_retry[28]" time="0.001" /><testcase classname="tests.test_v100_risk_persistence" name="test_file_fsync_failure_is_not_success_or_retry[30]" time="0.001" /><testcase classname="tests.test_v100_risk_persistence" name="test_file_fsync_failure_is_not_success_or_retry[22]" time="0.001" /><testcase classname="tests.test_v100_risk_persistence" name="test_directory_fsync_failure_reports_ambiguous_visible_write_once" time="0.001" /><testcase classname="tests.test_v100_risk_persistence" name="test_reconstructible_telemetry_explicitly_skips_sync" time="0.001" /><testcase classname="tests.test_v100_risk_persistence" name="test_best_effort_reports_false_on_durable_failure" time="0.001" /><testcase classname="tests.test_v100_risk_persistence" name="test_transient_replace_is_retried_before_visibility" time="0.001" /><testcase classname="tests.test_v100_risk_persistence" name="test_risk_write_failure_cannot_be_cleared_by_status_refresh" time="0.004" /><testcase classname="tests.test_v100_risk_persistence" name="test_risk_write_rollback_preserves_receipt_for_later_replay" time="0.003" /><testcase classname="tests.test_v100_risk_persistence" name="test_independent_loaded_risk_objects_do_not_overwrite_newer_equity_stop" time="0.004" /><testcase classname="tests.test_v100_risk_persistence" name="test_concurrent_loaders_recheck_schema_before_migration_backup" time="0.004" /><testcase classname="tests.test_v100_risk_persistence" name="test_failed_realized_receipt_is_not_acknowledged_by_unrelated_success" time="0.005" /><testcase classname="tests.test_v100_risk_persistence" name="test_multiple_failed_receipts_require_each_exact_replay" time="0.003" /><testcase classname="tests.test_v100_risk_persistence" name="test_unknown_receipt_cannot_clear_failed_confirmation" time="0.003" /><testcase classname="tests.test_v100_risk_persistence" name="test_etoro_stock_worker_uses_proven_scope_and_blocks_only_changed_domain" time="0.004" /><testcase classname="tests.test_v100_risk_persistence" name="test_etoro_stock_worker_rejects_provisional_unproven_identity" time="0.001" /><testcase classname="tests.test_v100_strategy_pulsar" name="test_final_realized_loss_is_in_drawdown" time="0.013" /><testcase classname="tests.test_v100_strategy_pulsar" name="test_open_loss_and_recovery_are_visible_separately" time="0.009" /><testcase classname="tests.test_v100_strategy_pulsar" name="test_entry_never_executes_on_synthetic_gap" time="0.008" /><testcase classname="tests.test_v100_strategy_pulsar" name="test_model_switch_does_not_reuse_another_models_answer" time="0.005" /><testcase classname="tests.test_v100_strategy_pulsar" name="test_gap_exit_and_gap_below_stop_use_next_observed_price" time="0.011" /><testcase classname="tests.test_v100_strategy_pulsar" name="test_pending_exit_survives_gap_and_legacy_mode_is_explicit" time="0.015" /><testcase classname="tests.test_v100_strategy_pulsar" name="test_existing_synthetic_marker_is_not_lost_by_renormalization" time="0.014" /><testcase classname="tests.test_v100_strategy_pulsar" name="test_equity_curve_includes_exact_end_fees_and_no_duplicate_close" time="0.008" /><testcase classname="tests.test_v100_strategy_pulsar" name="test_cache_contract_covers_prompt_schema_data_time_and_tool_policy" time="0.001" /><testcase classname="tests.test_v100_strategy_pulsar" name="test_effective_default_prompt_change_invalidates_router_cache" time="0.004" /><testcase classname="tests.test_v100_strategy_pulsar" name="test_success_cache_and_disabled_have_distinct_execution_evidence" time="0.003" /><testcase classname="tests.test_v100_strategy_pulsar" name="test_timeout_and_late_usage_never_become_a_successful_execution" time="0.025" /><testcase classname="tests.test_v100_strategy_pulsar" name="test_local_unsent_and_unknown_dispatch_are_not_confused[error0-AI_TRANSPORT_BUSY]" time="0.003" /><testcase classname="tests.test_v100_strategy_pulsar" name="test_local_unsent_and_unknown_dispatch_are_not_confused[error1-AI_TIMEOUT]" time="0.002" /><testcase classname="tests.test_v100_strategy_pulsar" name="test_invalid_timeout_is_proven_not_sent_and_does_not_strand_budget" time="0.003" /><testcase classname="tests.test_v100_strategy_pulsar" name="test_invalid_response_body_is_a_response_not_an_unstarted_request" time="0.003" /><testcase classname="tests.test_v100_strategy_pulsar" name="test_http_429_has_a_distinct_error_code_and_no_automatic_retry" time="0.003" /><testcase classname="tests.test_v100_strategy_pulsar" name="test_failed_thread_start_restores_capacity_and_proves_no_dispatch" time="0.001" /><testcase classname="tests.test_v100_strategy_pulsar" name="test_untrusted_source_contract_never_grants_order_authority[wrong_symbol]" time="0.001" /><testcase classname="tests.test_v100_strategy_pulsar" name="test_untrusted_source_contract_never_grants_order_authority[foreign_source]" time="0.001" /><testcase classname="tests.test_v100_strategy_pulsar" name="test_untrusted_source_contract_never_grants_order_authority[trading_instruction]" time="0.001" /><testcase classname="tests.test_v100_strategy_pulsar" name="test_untrusted_source_contract_never_grants_order_authority[blank_claim]" time="0.001" /><testcase classname="tests.test_v100_strategy_pulsar" name="test_worker_preserves_one_failed_precheck_receipt_for_five_cards" time="0.032" /><testcase classname="tests.test_v100_strategy_pulsar" name="test_precheck_cache_separates_old_receipt_from_current_cache_use" time="0.008" /><testcase classname="tests.test_v100_strategy_pulsar" name="test_precheck_cooldown_is_not_another_gpt_timeout" time="0.006" /><testcase classname="tests.test_v100_strategy_pulsar" name="test_event_cache_is_bound_to_model_and_full_document_data" time="0.012" /><testcase classname="tests.test_v100_strategy_pulsar" name="test_web_search_cache_is_bound_to_model_prompt_and_bounded_knowledge_window" time="0.010" /><testcase classname="tests.test_v100_strategy_pulsar" name="test_community_checks_do_not_promote_aggregate_counts_to_verified_authors" time="0.001" /><testcase classname="tests.test_v100_webui_backend" name="test_password_reset_revokes_all_previous_sessions" time="0.166" /><testcase classname="tests.test_v100_webui_backend" name="test_unconfigured_ui_rejects_cookie_signed_with_empty_key" time="0.001" /><testcase classname="tests.test_v100_webui_backend" name="test_missing_credential_field_invalidates_session[username]" time="0.044" /><testcase classname="tests.test_v100_webui_backend" name="test_missing_credential_field_invalidates_session[password_hash]" time="0.044" /><testcase classname="tests.test_v100_webui_backend" name="test_missing_credential_field_invalidates_session[session_secret]" time="0.043" /><testcase classname="tests.test_v100_webui_backend" name="test_semantically_invalid_credentials_remain_unconfigured[value0]" time="0.001" /><testcase classname="tests.test_v100_webui_backend" name="test_semantically_invalid_credentials_remain_unconfigured[invalid]" time="0.001" /><testcase classname="tests.test_v100_webui_backend" name="test_semantically_invalid_credentials_remain_unconfigured[12]" time="0.002" /><testcase classname="tests.test_v100_webui_backend" name="test_broker_offline_does_not_block_other_domain_and_ws_is_separate" time="0.006" /><testcase classname="tests.test_v100_webui_backend" name="test_stale_snapshot_does_not_keep_green_health_or_buy_permission" time="0.002" /><testcase classname="tests.test_v100_webui_backend" name="test_future_heartbeat_and_invalid_runtime_do_not_report_online" time="0.009" /><testcase classname="tests.test_v100_webui_backend" name="test_ambiguous_account_environment_blocks_only_its_buy_projection[context0]" time="0.002" /><testcase classname="tests.test_v100_webui_backend" name="test_ambiguous_account_environment_blocks_only_its_buy_projection[context1]" time="0.002" /><testcase classname="tests.test_v100_webui_backend" name="test_ambiguous_account_environment_blocks_only_its_buy_projection[context2]" time="0.002" /><testcase classname="tests.test_v100_webui_backend" name="test_empty_reconciliation_and_missing_channels_are_unknown" time="0.002" /><testcase classname="tests.test_v100_webui_backend" name="test_mixed_runtime_account_snapshot_never_grants_buys[account_fingerprint-other-account]" time="0.002" /><testcase classname="tests.test_v100_webui_backend" name="test_mixed_runtime_account_snapshot_never_grants_buys[environment-LIVE]" time="0.002" /><testcase classname="tests.test_v100_webui_backend" name="test_okx_detail_from_another_environment_is_not_used_for_buy_readiness" time="0.002" /><testcase classname="tests.test_v100_webui_backend" name="test_rest_business_rejection_is_not_rendered_as_connection_loss" time="0.002" /><testcase classname="tests.test_v100_webui_backend" name="test_history_is_read_only_and_missing_schema_is_not_healthy_empty" time="0.002" /><testcase classname="tests.test_v100_webui_backend" name="test_cold_diagnosis_import_does_not_create_database" time="0.112" /><testcase classname="tests.test_v100_webui_backend" name="test_ai_audit_survives_version_copy_byte_for_byte" time="0.001" /><testcase classname="tests.test_v100_webui_backend" name="test_order_history_pagination_and_scoped_detail_do_not_expose_raw_payloads" time="0.009" /><testcase classname="tests.test_v100_webui_backend" name="test_diagnostic_routes_require_real_authentication_and_have_no_write_method" time="0.085" /><testcase classname="tests.test_v100_webui_backend" name="test_decision_search_is_literal_and_strategy_reason_are_separate" time="0.005" /><testcase classname="tests.test_v101_candle_observation" name="test_current_timestamp_does_not_hide_inactive_market" time="0.013" /><testcase classname="tests.test_v101_candle_observation" name="test_synthetic_gap_is_distinct_from_real_zero_volume" time="0.008" /><testcase classname="tests.test_v101_candle_observation" name="test_missing_invalid_and_open_candle_are_not_current" time="0.002" /><testcase classname="tests.test_v101_candle_observation" name="test_snapshot_scopes_environment_and_ages_without_new_fetches" time="0.002" /><testcase classname="tests.test_v101_candle_observation" name="test_actual_response_receipt_is_bounded_and_has_no_credentials" time="0.006" /><testcase classname="tests.test_v101_candle_observation" name="test_invalid_confirmed_values_fail_locally_and_never_become_zero[5-bad]" time="0.004" /><testcase classname="tests.test_v101_candle_observation" name="test_invalid_confirmed_values_fail_locally_and_never_become_zero[5-]" time="0.004" /><testcase classname="tests.test_v101_candle_observation" name="test_invalid_confirmed_values_fail_locally_and_never_become_zero[5-nan]" time="0.004" /><testcase classname="tests.test_v101_candle_observation" name="test_invalid_confirmed_values_fail_locally_and_never_become_zero[5--1]" time="0.003" /><testcase classname="tests.test_v101_candle_observation" name="test_invalid_confirmed_values_fail_locally_and_never_become_zero[4-0]" time="0.004" /><testcase classname="tests.test_v101_candle_observation" name="test_invalid_confirmed_values_fail_locally_and_never_become_zero[2-98]" time="0.003" /><testcase classname="tests.test_v101_candle_observation" name="test_invalid_confirmed_values_fail_locally_and_never_become_zero[7-unknown]" time="0.003" /><testcase classname="tests.test_v101_candle_observation" name="test_missing_or_unknown_confirmation_does_not_disappear_silently[bad0]" time="0.001" /><testcase classname="tests.test_v101_candle_observation" name="test_missing_or_unknown_confirmation_does_not_disappear_silently[bad1]" time="0.001" /><testcase classname="tests.test_v101_candle_observation" name="test_missing_or_unknown_confirmation_does_not_disappear_silently[bad2]" time="0.001" /><testcase classname="tests.test_v101_candle_observation" name="test_missing_or_unknown_confirmation_does_not_disappear_silently[bad3]" time="0.001" /><testcase classname="tests.test_v101_candle_observation" name="test_receipt_write_failure_cannot_block_history" time="0.003" /><testcase classname="tests.test_v101_candle_observation" name="test_receipt_storage_is_globally_bounded_and_lock_is_nonblocking" time="0.003" /><testcase classname="tests.test_v101_candle_observation" name="test_cache_observation_causes_no_extra_requests_and_no_fabricated_receipt" time="0.170" /><testcase classname="tests.test_v101_candle_observation" name="test_active_timeframe_and_independent_safety_wait" time="0.001" /><testcase classname="tests.test_v101_candle_observation" name="test_nine_original_diagnostic_decisions_replay_unchanged[BNB-EUR]" time="0.011" /><testcase classname="tests.test_v101_candle_observation" name="test_nine_original_diagnostic_decisions_replay_unchanged[DOGE-EUR]" time="0.013" /><testcase classname="tests.test_v101_candle_observation" name="test_nine_original_diagnostic_decisions_replay_unchanged[HYPE-EUR]" time="0.011" /><testcase classname="tests.test_v101_candle_observation" name="test_nine_original_diagnostic_decisions_replay_unchanged[LINK-EUR]" time="0.011" /><testcase classname="tests.test_v101_candle_observation" name="test_nine_original_diagnostic_decisions_replay_unchanged[SUI-EUR]" time="0.012" /><testcase classname="tests.test_v101_candle_observation" name="test_nine_original_diagnostic_decisions_replay_unchanged[XLM-EUR]" time="0.015" /><testcase classname="tests.test_v101_candle_observation" name="test_nine_original_diagnostic_decisions_replay_unchanged[XRP-EUR]" time="0.020" /><testcase classname="tests.test_v101_candle_observation" name="test_nine_original_diagnostic_decisions_replay_unchanged[NEAR-EUR]" time="0.017" /><testcase classname="tests.test_v101_candle_observation" name="test_nine_original_diagnostic_decisions_replay_unchanged[ZAMA-EUR]" time="0.011" /><testcase classname="tests.test_v101_candle_observation" name="test_engine_readiness_uses_active_mode_but_keeps_safety_timer" time="0.001" /><testcase classname="tests.test_v101_candle_observation" name="test_engine_quality_uses_full_contract_identity_and_never_symbol_only" time="0.007" /><testcase classname="tests.test_v101_etoro_protection_evidence" name="test_real_pep_without_rule_remains_unconfirmed_and_explains_required_proof" time="0.001" /><testcase classname="tests.test_v101_etoro_protection_evidence" name="test_hypothetical_proven_per_leg_rule_can_normalize_pep_numbers" time="0.001" /><testcase classname="tests.test_v101_etoro_protection_evidence" name="test_wrong_or_missing_normalization_provenance_is_rejected[change0]" time="0.001" /><testcase classname="tests.test_v101_etoro_protection_evidence" name="test_wrong_or_missing_normalization_provenance_is_rejected[change1]" time="0.001" /><testcase classname="tests.test_v101_etoro_protection_evidence" name="test_wrong_or_missing_normalization_provenance_is_rejected[change2]" time="0.001" /><testcase classname="tests.test_v101_etoro_protection_evidence" name="test_wrong_or_missing_normalization_provenance_is_rejected[change3]" time="0.001" /><testcase classname="tests.test_v101_etoro_protection_evidence" name="test_wrong_or_missing_normalization_provenance_is_rejected[change4]" time="0.001" /><testcase classname="tests.test_v101_etoro_protection_evidence" name="test_wrong_or_missing_normalization_provenance_is_rejected[change5]" time="0.001" /><testcase classname="tests.test_v101_etoro_protection_evidence" name="test_wrong_or_missing_normalization_provenance_is_rejected[change6]" time="0.001" /><testcase classname="tests.test_v101_etoro_protection_evidence" name="test_rounding_may_not_deepen_long_stop" time="0.001" /><testcase classname="tests.test_v101_etoro_protection_evidence" name="test_wrong_native_protection_or_identity_cannot_confirm[change0]" time="0.001" /><testcase classname="tests.test_v101_etoro_protection_evidence" name="test_wrong_native_protection_or_identity_cannot_confirm[change1]" time="0.001" /><testcase classname="tests.test_v101_etoro_protection_evidence" name="test_wrong_native_protection_or_identity_cannot_confirm[change2]" time="0.001" /><testcase classname="tests.test_v101_etoro_protection_evidence" name="test_wrong_native_protection_or_identity_cannot_confirm[change3]" time="0.001" /><testcase classname="tests.test_v101_etoro_protection_evidence" name="test_wrong_native_protection_or_identity_cannot_confirm[change4]" time="0.001" /><testcase classname="tests.test_v101_etoro_protection_evidence" name="test_wrong_native_protection_or_identity_cannot_confirm[change5]" time="0.001" /><testcase classname="tests.test_v101_etoro_protection_evidence" name="test_wrong_native_protection_or_identity_cannot_confirm[change6]" time="0.001" /><testcase classname="tests.test_v101_etoro_protection_evidence" name="test_duplicate_position_rows_do_not_fake_complete_snapshot" time="0.001" /><testcase classname="tests.test_v101_etoro_protection_evidence" name="test_patch_timeout_restart_does_not_send_second_request" time="0.803" /><testcase classname="tests.test_v101_etoro_protection_evidence" name="test_quantity_mismatch_prevents_patch" time="0.002" /><testcase classname="tests.test_v101_etoro_protection_evidence" name="test_proven_rejection_and_confirmed_replay_are_not_unknown_writes" time="0.003" /><testcase classname="tests.test_v101_etoro_protection_evidence" name="test_unknown_flag_cannot_confirm_pending_patch" time="0.001" /><testcase classname="tests.test_v101_etoro_protection_evidence" name="test_protection_journal_write_failure_prevents_broker_patch" time="0.001" /><testcase classname="tests.test_v101_evidence_packet" name="test_original_massive_receipts_retain_all_fifteen_descriptions_urls_and_times[MU]" time="0.001" /><testcase classname="tests.test_v101_evidence_packet" name="test_original_massive_receipts_retain_all_fifteen_descriptions_urls_and_times[SPY]" time="0.001" /><testcase classname="tests.test_v101_evidence_packet" name="test_original_massive_receipts_retain_all_fifteen_descriptions_urls_and_times[ORCL]" time="0.002" /><testcase classname="tests.test_v101_evidence_packet" name="test_original_massive_receipts_retain_all_fifteen_descriptions_urls_and_times[NVDA]" time="0.001" /><testcase classname="tests.test_v101_evidence_packet" name="test_original_massive_receipts_retain_all_fifteen_descriptions_urls_and_times[NBIS]" time="0.001" /><testcase classname="tests.test_v101_evidence_packet" name="test_all_five_real_prechecks_include_latest_ohlcv_and_citable_massive_news[MU]" time="0.004" /><testcase classname="tests.test_v101_evidence_packet" name="test_all_five_real_prechecks_include_latest_ohlcv_and_citable_massive_news[SPY]" time="0.003" /><testcase classname="tests.test_v101_evidence_packet" name="test_all_five_real_prechecks_include_latest_ohlcv_and_citable_massive_news[ORCL]" time="0.004" /><testcase classname="tests.test_v101_evidence_packet" name="test_all_five_real_prechecks_include_latest_ohlcv_and_citable_massive_news[NVDA]" time="0.004" /><testcase classname="tests.test_v101_evidence_packet" name="test_all_five_real_prechecks_include_latest_ohlcv_and_citable_massive_news[NBIS]" time="0.003" /><testcase classname="tests.test_v101_evidence_packet" name="test_bar_order_does_not_depend_on_provider_order_and_missing_volume_is_not_zero" time="0.001" /><testcase classname="tests.test_v101_evidence_packet" name="test_zero_observed_volume_is_preserved_and_undated_rows_are_disclosed" time="0.001" /><testcase classname="tests.test_v101_evidence_packet" name="test_tight_budget_never_degrades_a_candle_into_a_date_only_object" time="0.003" /><testcase classname="tests.test_v101_evidence_packet" name="test_full_hash_changes_when_an_omitted_old_candle_changes" time="0.001" /><testcase classname="tests.test_v101_evidence_packet" name="test_normalization_preserves_provider_metadata_and_canonical_precedence" time="0.001" /><testcase classname="tests.test_v101_evidence_packet" name="test_missing_news_values_remain_missing[MASSIVE]" time="0.001" /><testcase classname="tests.test_v101_evidence_packet" name="test_missing_news_values_remain_missing[FMP]" time="0.001" /><testcase classname="tests.test_v101_evidence_packet" name="test_missing_news_values_remain_missing[UNKNOWN]" time="0.001" /><testcase classname="tests.test_v101_evidence_packet" name="test_news_url_and_timestamp_are_never_cut_to_make_a_receipt_fit" time="0.001" /><testcase classname="tests.test_v101_evidence_packet" name="test_duplicate_source_id_is_rejected_before_projection" time="0.001" /><testcase classname="tests.test_v101_evidence_packet" name="test_empty_news_stay_empty_and_are_not_mislabeled_as_truncated" time="0.001" /><testcase classname="tests.test_v101_evidence_packet" name="test_worker_uses_news_normalization_for_actual_five_markets[MU]" time="0.003" /><testcase classname="tests.test_v101_evidence_packet" name="test_worker_uses_news_normalization_for_actual_five_markets[SPY]" time="0.003" /><testcase classname="tests.test_v101_evidence_packet" name="test_worker_uses_news_normalization_for_actual_five_markets[ORCL]" time="0.003" /><testcase classname="tests.test_v101_evidence_packet" name="test_worker_uses_news_normalization_for_actual_five_markets[NVDA]" time="0.003" /><testcase classname="tests.test_v101_evidence_packet" name="test_worker_uses_news_normalization_for_actual_five_markets[NBIS]" time="0.003" /><testcase classname="tests.test_v101_evidence_packet" name="test_actual_nbis_financial_period_and_errors_survive_bounded_projection" time="0.012" /><testcase classname="tests.test_v101_fmp_context" name="test_real_nbis_gap_cannot_be_reported_as_annual_growth" time="0.002" /><testcase classname="tests.test_v101_fmp_context" name="test_real_mu_mapping_and_neighbor_years_preserve_actual_values" time="0.002" /><testcase classname="tests.test_v101_fmp_context" name="test_conflicting_alias_and_foreign_currency_do_not_supply_a_metric" time="0.004" /><testcase classname="tests.test_v101_fmp_context" name="test_nonpositive_ev_multiple_not_a_cheapness_value" time="0.003" /><testcase classname="tests.test_v101_fmp_context" name="test_old_derived_cache_is_explicitly_pending_revalidation" time="0.001" /><testcase classname="tests.test_v101_fmp_context" name="test_etf_classification_skips_five_company_endpoints[SPY-isEtf]" time="0.003" /><testcase classname="tests.test_v101_fmp_context" name="test_etf_classification_skips_five_company_endpoints[QQQ-isEtf]" time="0.001" /><testcase classname="tests.test_v101_fmp_context" name="test_etf_classification_skips_five_company_endpoints[FUND-isFund]" time="0.001" /><testcase classname="tests.test_v101_fmp_context" name="test_context_due_is_independent_of_holdings_interval" time="0.001" /><testcase classname="tests.test_v101_fmp_context" name="test_context_one_stale_component_does_not_hide_fresh_crypto" time="0.001" /><testcase classname="tests.test_v101_fmp_context" name="test_context_quote_freshness_uses_receipt_after_http[0-OK]" time="0.001" /><testcase classname="tests.test_v101_fmp_context" name="test_context_quote_freshness_uses_receipt_after_http[-901-UNAVAILABLE]" time="0.001" /><testcase classname="tests.test_v101_fmp_context" name="test_context_quote_freshness_uses_receipt_after_http[1-UNAVAILABLE]" time="0.001" /><testcase classname="tests.test_v101_fmp_context" name="test_real_annual_errors_and_facts_reach_card_packet" time="0.002" /><testcase classname="tests.test_v101_fmp_context" name="test_usable_fmp_news_uses_massive_cache_only" time="0.001" /><testcase classname="tests.test_v101_fmp_context" name="test_massive_cache_keeps_real_fetch_time_and_no_reservation" time="0.001" /><testcase classname="tests.test_v101_fmp_context" name="test_fmp_duplicate_future_stale_or_title_only_news_do_not_fill_gap" time="0.001" /><testcase classname="tests.test_v101_fmp_context" name="test_massive_data_gap_uses_bounded_existing_request_path" time="0.001" /><testcase classname="tests.test_v101_fmp_context" name="test_massive_local_rate_pause_keeps_short_retry_and_zero_actual_budget" time="0.001" /><testcase classname="tests.test_v101_fmp_context" name="test_input_receipt_distinguishes_included_and_omitted_facts" time="0.001" /><testcase classname="tests.test_v101_fmp_context" name="test_old_precheck_retry_job_is_retained_but_not_replayed" time="0.001" /><testcase classname="tests.test_v101_fmp_context" name="test_scan_schedule_obeys_real_weekday_weekend_window[2026-09-13T12:14:00+00:00-2026-09-13T14:01:00+00:00-2026-09-14T00:14:00+00:00]" time="0.001" /><testcase classname="tests.test_v101_fmp_context" name="test_scan_schedule_obeys_real_weekday_weekend_window[2026-09-14T22:55:00+00:00-2026-09-14T23:01:00+00:00-2026-09-15T11:00:00+00:00]" time="0.001" /><testcase classname="tests.test_v101_fmp_context" name="test_scan_schedule_obeys_real_weekday_weekend_window[2026-09-11T22:55:00+00:00-2026-09-11T23:01:00+00:00-2026-09-12T10:55:00+00:00]" time="0.001" /><testcase classname="tests.test_v101_halt_diagnostics" name="test_mixed_feed_keeps_valid_evidence_but_never_implies_complete" time="0.003" /><testcase classname="tests.test_v101_halt_diagnostics" name="test_resumption_and_timezone_do_not_create_new_halt" time="0.001" /><testcase classname="tests.test_v101_halt_diagnostics" name="test_stale_feed_contains_diagnosis_but_no_trading_entitlement" time="0.001" /><testcase classname="tests.test_v101_halt_diagnostics" name="test_bounded_invalid_evidence_and_total_counter" time="0.007" /><testcase classname="tests.test_v101_halt_diagnostics" name="test_resume_before_halt_is_uncertain_not_closed" time="0.001" /><testcase classname="tests.test_v101_halt_diagnostics" name="test_empty_feed_without_clock_cannot_claim_current_market_inventory" time="0.001" /><testcase classname="tests.test_v101_massive" name="test_original_six_call_burst_is_locally_limited_not_six_http_calls" time="0.006" /><testcase classname="tests.test_v101_massive" name="test_first_upgrade_waits_one_unknown_minute_without_resetting_on_retry" time="0.004" /><testcase classname="tests.test_v101_massive" name="test_rolling_minute_boundary_and_gap_preserved" time="0.007" /><testcase classname="tests.test_v101_massive" name="test_new_instances_and_keys_do_not_reset_shared_rate_window" time="0.004" /><testcase classname="tests.test_v101_massive" name="test_persisted_cache_serves_common_consumers_without_new_http" time="0.004" /><testcase classname="tests.test_v101_massive" name="test_cache_only_miss_never_reserves_or_sends" time="0.002" /><testcase classname="tests.test_v101_massive" name="test_expired_or_other_key_cache_is_never_silently_reused" time="0.003" /><testcase classname="tests.test_v101_massive" name="test_real_processes_cannot_race_the_atomic_reservation" time="0.044" /><testcase classname="tests.test_v101_massive" name="test_simultaneous_identical_call_is_deduped_then_cache_reused" time="0.005" /><testcase classname="tests.test_v101_massive" name="test_restart_after_reservation_retains_charge_and_lease" time="0.004" /><testcase classname="tests.test_v101_massive" name="test_429_is_shared_and_honors_retry_after_even_after_restart[120]" time="0.006" /><testcase classname="tests.test_v101_massive" name="test_429_is_shared_and_honors_retry_after_even_after_restart[Sun, 15 Jan 2027 08:02:00 GMT]" time="0.005" /><testcase classname="tests.test_v101_massive" name="test_429_is_shared_and_honors_retry_after_even_after_restart[invalid]" time="0.005" /><testcase classname="tests.test_v101_massive" name="test_valid_cache_remains_available_during_429_pause" time="0.004" /><testcase classname="tests.test_v101_massive" name="test_timeout_is_charged_without_blind_retry" time="0.003" /><testcase classname="tests.test_v101_massive" name="test_denied_endpoint_does_not_disable_different_capability[402]" time="0.004" /><testcase classname="tests.test_v101_massive" name="test_denied_endpoint_does_not_disable_different_capability[403]" time="0.004" /><testcase classname="tests.test_v101_massive" name="test_ui_probe_uses_same_budget_and_does_not_claim_untested_reference" time="0.005" /><testcase classname="tests.test_v101_massive" name="test_daily_cap_persists_and_zero_is_not_unlimited_minute_budget" time="0.004" /><testcase classname="tests.test_v101_massive" name="test_clock_rollback_fails_closed_instead_of_zeroing_attempts" time="0.003" /><testcase classname="tests.test_v101_massive" name="test_forward_wall_clock_jump_does_not_refill_actual_minute_budget" time="0.004" /><testcase classname="tests.test_v101_massive" name="test_clock_jump_does_not_shorten_server_retry_after" time="0.005" /><testcase classname="tests.test_v101_massive" name="test_small_clock_slew_cannot_shorten_monotonic_spacing" time="0.005" /><testcase classname="tests.test_v101_massive" name="test_oversized_stream_is_closed_and_never_cached" time="0.005" /><testcase classname="tests.test_v101_massive" name="test_stream_deadline_stops_slow_body_without_retry" time="0.003" /><testcase classname="tests.test_v101_massive" name="test_corrupt_store_never_falls_back_to_unrestricted_http" time="0.002" /><testcase classname="tests.test_v101_massive" name="test_corrupt_clock_metadata_fails_closed_and_ui_stays_readable" time="0.003" /><testcase classname="tests.test_v101_massive" name="test_locked_store_is_bounded_and_never_sends" time="0.153" /><testcase classname="tests.test_v101_massive" name="test_readonly_status_does_not_create_modify_or_infer_unknown_counts" time="0.004" /><testcase classname="tests.test_v101_massive" name="test_no_plaintext_credentials_persisted_and_redirects_disabled" time="0.003" /><testcase classname="tests.test_v101_massive" name="test_old_fmp_news_error_is_history_not_a_current_capability_failure" time="0.003" /><testcase classname="tests.test_v101_massive" name="test_local_pacing_pause_keeps_last_success_and_http_failure_count" time="0.002" /><testcase classname="tests.test_v101_massive" name="test_real_429_updates_http_failure_status_unlike_local_pacing" time="0.002" /><testcase classname="tests.test_v101_massive" name="test_primary_fmp_news_skip_new_massive_calls_but_fill_real_gaps" time="0.001" /><testcase classname="tests.test_v101_massive" name="test_three_duplicate_fmp_articles_do_not_suppress_massive_gap_request" time="0.001" /><testcase classname="tests.test_v101_massive" name="test_invalid_provider_payload_never_becomes_cached_success" time="0.003" /><testcase classname="tests.test_v101_massive" name="test_older_failed_provider_status_is_stale_not_a_current_outage" time="0.002" /><testcase classname="tests.test_v101_migration" name="test_real_strict_migration_preserves_quota_wal_and_pending_protection" time="0.008" /><testcase classname="tests.test_v101_migration" name="test_corrupt_quota_or_protection_aborts_before_import[massive_service.sqlite-broken sqlite]" time="0.003" /><testcase classname="tests.test_v101_migration" name="test_corrupt_quota_or_protection_aborts_before_import[etoro_protection_journal.json-{broken]" time="0.003" /><testcase classname="tests.test_v101_migration" name="test_occupied_quota_or_protection_target_is_never_merged[massive_service.sqlite]" time="0.004" /><testcase classname="tests.test_v101_migration" name="test_occupied_quota_or_protection_target_is_never_merged[etoro_protection_journal.json]" time="0.003" /><testcase classname="tests.test_v101_migration" name="test_strict_import_rejects_foreign_identity_settings_and_sidecars_before_writing[okx_credentials.json]" time="0.003" /><testcase classname="tests.test_v101_migration" name="test_strict_import_rejects_foreign_identity_settings_and_sidecars_before_writing[etoro_credentials.json]" time="0.003" /><testcase classname="tests.test_v101_migration" name="test_strict_import_rejects_foreign_identity_settings_and_sidecars_before_writing[okx_credentials.json.dpapi]" time="0.003" /><testcase classname="tests.test_v101_migration" name="test_strict_import_rejects_foreign_identity_settings_and_sidecars_before_writing[etoro_credentials.json.dpapi]" time="0.003" /><testcase classname="tests.test_v101_migration" name="test_strict_import_rejects_foreign_identity_settings_and_sidecars_before_writing[handelsmodus.txt]" time="0.003" /><testcase classname="tests.test_v101_migration" name="test_strict_import_rejects_foreign_identity_settings_and_sidecars_before_writing[aktives_profil.txt]" time="0.003" /><testcase classname="tests.test_v101_migration" name="test_strict_import_rejects_foreign_identity_settings_and_sidecars_before_writing[web_ui_settings.json]" time="0.003" /><testcase classname="tests.test_v101_migration" name="test_strict_import_rejects_foreign_identity_settings_and_sidecars_before_writing[universe_settings.json]" time="0.003" /><testcase classname="tests.test_v101_migration" name="test_strict_import_rejects_foreign_identity_settings_and_sidecars_before_writing[ai_router_settings.json]" time="0.003" /><testcase classname="tests.test_v101_migration" name="test_strict_import_rejects_foreign_identity_settings_and_sidecars_before_writing[decision_history.sqlite-wal]" time="0.004" /><testcase classname="tests.test_v101_migration" name="test_strict_import_rejects_foreign_identity_settings_and_sidecars_before_writing[decision_history.sqlite-shm]" time="0.003" /><testcase classname="tests.test_v101_migration" name="test_nonstrict_import_preserves_nonempty_ledger_even_with_empty_decisions[trades]" time="0.006" /><testcase classname="tests.test_v101_migration" name="test_nonstrict_import_preserves_nonempty_ledger_even_with_empty_decisions[execution_fills]" time="0.004" /><testcase classname="tests.test_v101_migration" name="test_nonstrict_import_preserves_nonempty_ledger_even_with_empty_decisions[execution_orders]" time="0.005" /><testcase classname="tests.test_v101_migration" name="test_nonstrict_import_preserves_nonempty_ledger_even_with_empty_decisions[broker_exit_intents]" time="0.007" /><testcase classname="tests.test_v101_migration" name="test_nonstrict_import_preserves_nonempty_ledger_even_with_empty_decisions[metadata]" time="0.005" /><testcase classname="tests.test_v101_migration" name="test_nonstrict_import_preserves_nonempty_ledger_even_with_empty_decisions[odd&quot;table]" time="0.005" /><testcase classname="tests.test_v101_migration" name="test_nonstrict_import_preserves_nonempty_ledger_even_with_empty_decisions[sqliteXtrades]" time="0.004" /><testcase classname="tests.test_v101_migration" name="test_nonstrict_import_preserves_corrupt_unknown_database" time="0.004" /><testcase classname="tests.test_v101_migration" name="test_nonstrict_import_can_replace_proven_empty_ui_initialization" time="0.005" /><testcase classname="tests.test_v101_migration" name="test_nonstrict_empty_check_includes_committed_target_wal" time="0.005" /><testcase classname="tests.test_v101_risk_basis_review" name="test_real_legacy_is_not_automatically_rebased_on_equal_current_balance" time="0.001" /><testcase classname="tests.test_v101_risk_basis_review" name="test_checkpoint_must_match_every_economic_value_and_proven_scope[change0]" time="0.002" /><testcase classname="tests.test_v101_risk_basis_review" name="test_checkpoint_must_match_every_economic_value_and_proven_scope[change1]" time="0.001" /><testcase classname="tests.test_v101_risk_basis_review" name="test_checkpoint_must_match_every_economic_value_and_proven_scope[change2]" time="0.001" /><testcase classname="tests.test_v101_risk_basis_review" name="test_checkpoint_must_match_every_economic_value_and_proven_scope[change3]" time="0.001" /><testcase classname="tests.test_v101_risk_basis_review" name="test_checkpoint_must_match_every_economic_value_and_proven_scope[change4]" time="0.001" /><testcase classname="tests.test_v101_risk_basis_review" name="test_checkpoint_must_match_every_economic_value_and_proven_scope[change5]" time="0.001" /><testcase classname="tests.test_v101_risk_basis_review" name="test_checkpoint_must_match_every_economic_value_and_proven_scope[change6]" time="0.002" /><testcase classname="tests.test_v101_risk_basis_review" name="test_checkpoint_must_match_every_economic_value_and_proven_scope[change7]" time="0.002" /><testcase classname="tests.test_v101_risk_basis_review" name="test_valid_checkpoint_repairs_only_metadata_with_backup_and_idempotence" time="0.003" /><testcase classname="tests.test_v101_risk_basis_review" name="test_failure_never_partly_migrates_economic_state[backup]" time="0.002" /><testcase classname="tests.test_v101_risk_basis_review" name="test_failure_never_partly_migrates_economic_state[replace]" time="0.002" /><testcase classname="tests.test_v101_risk_basis_review" name="test_failure_never_partly_migrates_economic_state[changed]" time="0.002" /><testcase classname="tests.test_v101_risk_basis_review" name="test_runtime_guard_publishes_both_account_and_basis_review_without_reset" time="0.003" /><testcase classname="tests.test_v101_risk_basis_review" name="test_review_receipt_survives_next_risk_transaction" time="0.002" /><testcase classname="tests.test_v101_webui_explanations" name="test_real_screenshot_pattern_explains_volume_and_missing_recovery" time="0.001" /><testcase classname="tests.test_v101_webui_explanations" name="test_missing_volume_is_not_reported_as_measured_zero" time="0.001" /><testcase classname="tests.test_v101_webui_explanations" name="test_approved_buy_explains_only_proven_signal_checks" time="0.001" /><testcase classname="tests.test_v101_webui_explanations" name="test_approved_sell_explains_recorded_exit_trigger[stop_loss-Verlustgrenze]" time="0.002" /><testcase classname="tests.test_v101_webui_explanations" name="test_approved_sell_explains_recorded_exit_trigger[take_profit-Gewinnziel]" time="0.002" /><testcase classname="tests.test_v101_webui_explanations" name="test_approved_sell_explains_recorded_exit_trigger[trailing_stop-nachgezogene Schutzgrenze]" time="0.001" /><testcase classname="tests.test_v101_webui_explanations" name="test_approved_sell_explains_recorded_exit_trigger[roi-Haltedauer]" time="0.001" /><testcase classname="tests.test_v101_webui_explanations" name="test_approved_sell_explains_recorded_exit_trigger[manual_exit-manueller Verkaufsauftrag]" time="0.001" /><testcase classname="tests.test_v101_webui_explanations" name="test_conflicting_approval_does_not_claim_passed_checks" time="0.001" /><testcase classname="tests.test_v101_webui_explanations" name="test_approval_never_conflates_order_outcome[READY_TO_SUBMIT-noch nicht best\xe4tigt]" time="0.001" /><testcase classname="tests.test_v101_webui_explanations" name="test_approval_never_conflates_order_outcome[FILLED-meldet die vollst\xe4ndige Ausf\xfchrung]" time="0.002" /><testcase classname="tests.test_v101_webui_explanations" name="test_approval_never_conflates_order_outcome[PARTIAL-nur ein Teil]" time="0.001" /><testcase classname="tests.test_v101_webui_explanations" name="test_approval_never_conflates_order_outcome[CANCELED_NO_FILL-ohne Ausf\xfchrung storniert]" time="0.001" /><testcase classname="tests.test_v101_webui_explanations" name="test_approval_never_conflates_order_outcome[REJECTED-Broker hat den Auftrag jedoch abgelehnt]" time="0.001" /><testcase classname="tests.test_v101_webui_explanations" name="test_approval_never_conflates_order_outcome[UNKNOWN-noch unklar]" time="0.001" /><testcase classname="tests.test_v101_webui_explanations" name="test_sell_and_timeout_are_not_labelled_successful_buy_or_gpt_request" time="0.001" /><testcase classname="tests.test_v101_webui_explanations" name="test_unknown_record_is_not_assigned_made_up_reason" time="0.001" /><testcase classname="tests.test_v101_webui_explanations" name="test_risk_review_remains_visible_alongside_closed_market_and_broker_local" time="0.002" /><testcase classname="tests.test_v101_webui_explanations" name="test_complete_quantity_evidence_does_not_imply_known_fee" time="0.002" /><testcase classname="tests.test_v101_webui_explanations" name="test_api_enriches_old_decision_without_database_migration" time="0.003" /><testcase classname="tests.test_v101_webui_explanations" name="test_actual_logbook_renderer_preserves_technical_details_and_escapes_text" time="0.033" /><testcase classname="tests.test_v101_webui_explanations" name="test_protection_proof_cannot_cross_account_or_position_identity" time="0.001" /><testcase classname="tests.test_v101_webui_explanations" name="test_old_fmp_trend_schema_does_not_look_like_new_validated_context" time="0.001" /><testcase classname="tests.test_v101_webui_explanations" name="test_actual_fmp_and_protection_renderers_keep_unavailable_values_unknown" time="0.039" /><testcase classname="tests.test_v512_fmp_behavior" name="test_fmp_stable_symbol_search_behavior" time="0.006" /><testcase classname="tests.test_v512_fmp_behavior" name="test_fmp_focused_news_uses_current_search_endpoint_and_parses" time="0.008" /><testcase classname="tests.test_v512_fmp_behavior" name="test_fmp_market_news_uses_stock_latest" time="0.005" /><testcase classname="tests.test_v512_fmp_behavior" name="test_fmp_429_enters_backoff_and_prevents_repeat" time="0.012" /><testcase classname="tests.test_v512_fmp_behavior" name="test_fmp_error_text_never_contains_api_key" time="0.004" /><testcase classname="tests.test_v512_regressions" name="test_telegram_report_uses_attention_instance_not_undefined_ai" time="0.001" /><testcase classname="tests.test_v512_regressions" name="test_gui_tool_reader_does_not_wait_for_newline" time="0.001" /><testcase classname="tests.test_v512_regressions" name="test_gui_child_forces_utf8" time="0.001" /><testcase classname="tests.test_v512_regressions" name="test_fmp_is_not_blocked_by_legacy_master_switch" time="0.003" /><testcase classname="tests.test_v512_regressions" name="test_fmp_stable_symbol_search_uses_current_endpoint" time="0.005" /><testcase classname="tests.test_v512_regressions" name="test_fmp_http_error_does_not_leak_api_key" time="0.004" /><testcase classname="tests.test_v512_regressions" name="test_crypto_diagnose_accepts_etoro_dict_quote" time="0.001" /><testcase classname="tests.test_v512_regressions" name="test_all_gui_referenced_diagnostic_scripts_exist" time="0.001" /><testcase classname="tests.test_v512_regressions" name="test_installer_creates_gui_desktop_and_checks_python_version" time="0.001" /><testcase classname="tests.test_v512_regressions" name="test_news_status_has_no_problematic_en_dash_header" time="0.001" /><testcase classname="tests.test_v512_regressions" name="test_fmp_symbol_news_uses_search_stock_news_endpoint" time="0.006" /><testcase classname="tests.test_v512_regressions" name="test_fmp_market_news_uses_stock_latest" time="0.006" /><testcase classname="tests.test_v512_regressions" name="test_news_rate_limits_get_longer_backoff" time="0.001" /><testcase classname="tests.test_v512_regressions" name="test_news_focused_defaults_nutzen_kostenlose_quellen" time="0.001" /><testcase classname="tests.test_v512_regressions" name="test_fmp_diagnostic_respects_provider_backoff" time="0.001" /><testcase classname="tests.test_v512_regressions" name="test_desktop_start_stop_keep_safety_wrappers" time="0.001" /><testcase classname="tests.test_v512_regressions" name="test_installer_early_check_includes_service_template" time="0.001" /><testcase classname="tests.test_v512_regressions" name="test_news_check_status_survives_latin1_parent" time="0.126" /><testcase classname="tests.test_v512_regressions" name="test_research_snapshot_prompt_is_emitted_without_network_call" time="0.123" /><testcase classname="tests.test_v512_regressions" name="test_telegram_report_alias_reaches_report_callback" time="0.002" /><testcase classname="tests.test_v60_kalender_und_meldungen.BoersenkalenderTest" name="test_arbeitszyklus_waehrend_handelszeit" time="0.002" /><testcase classname="tests.test_v60_kalender_und_meldungen.BoersenkalenderTest" name="test_feiertage_stimmen_mit_nyse_kalender" time="0.002" /><testcase classname="tests.test_v60_kalender_und_meldungen.BoersenkalenderTest" name="test_kein_arbeitszyklus_an_feiertagen" time="0.001" /><testcase classname="tests.test_v60_kalender_und_meldungen.BoersenkalenderTest" name="test_verkuerzte_tage_werden_erkannt" time="0.001" /><testcase classname="tests.test_v60_kalender_und_meldungen.BoersenkalenderTest" name="test_vorlauf_vor_handelsbeginn" time="0.001" /><testcase classname="tests.test_v60_kalender_und_meldungen.BoersenkalenderTest" name="test_wochenende_ist_kein_handelstag" time="0.001" /><testcase classname="tests.test_v60_kalender_und_meldungen.SitzungsmeldungTest" name="test_erststart_meldet_nicht" time="0.003" /><testcase classname="tests.test_v60_kalender_und_meldungen.SitzungsmeldungTest" name="test_oeffnung_und_schluss_je_einmal" time="0.004" /><testcase classname="tests.test_v60_kalender_und_meldungen.QuellenrollenTest" name="test_dauerhafte_fehler_werden_lange_pausiert" time="0.002" /><testcase classname="tests.test_v60_kalender_und_meldungen.QuellenrollenTest" name="test_gdelt_bekommt_laengere_sperre_als_andere" time="0.002" /><testcase classname="tests.test_v60_kalender_und_meldungen.QuellenrollenTest" name="test_voruebergehende_fehler_kurz_pausiert" time="0.002" /><testcase classname="tests.test_v60_kalender_und_meldungen.MigrationTest" name="test_neue_zustandsdateien_werden_uebernommen" time="0.001" /><testcase classname="tests.test_v60_kalender_und_meldungen.MigrationTest" name="test_zugangsdaten_werden_uebernommen" time="0.001" /><testcase classname="tests.test_v70_crypto_engine" name="test_kauf_wird_ausgefuehrt_und_gebucht" time="0.050" /><testcase classname="tests.test_v70_crypto_engine" name="test_ohne_kaufsignal_wird_nicht_gekauft" time="0.022" /><testcase classname="tests.test_v70_crypto_engine" name="test_nicht_handelbares_universumsmitglied_wird_abgelehnt" time="0.011" /><testcase classname="tests.test_v70_crypto_engine" name="test_beobachteter_wert_wird_nie_gehandelt" time="0.012" /><testcase classname="tests.test_v70_crypto_engine" name="test_tagesverlustgrenze_verhindert_den_kauf" time="0.025" /><testcase classname="tests.test_v70_crypto_engine" name="test_zu_hoher_spread_blockiert" time="0.026" /><testcase classname="tests.test_v70_crypto_engine" name="test_unklarer_kaufzustand_erzeugt_keine_position" time="0.029" /><testcase classname="tests.test_v70_crypto_engine" name="test_bereits_offene_position_wird_nicht_verdoppelt" time="0.064" /><testcase classname="tests.test_v70_crypto_engine" name="test_quellenprotokoll_wird_geschrieben" time="0.043" /><testcase classname="tests.test_v70_crypto_engine" name="test_stop_loss_schliesst_die_position" time="0.071" /><testcase classname="tests.test_v70_crypto_engine" name="test_gewinnziel_schliesst_die_position" time="0.073" /><testcase classname="tests.test_v70_crypto_engine" name="test_verschwundenes_guthaben_wird_abgeglichen" time="0.078" /><testcase classname="tests.test_v70_crypto_engine" name="test_fehlender_broker_schutz_wird_nachgezogen" time="0.065" /><testcase classname="tests.test_v70_crypto_engine" name="test_positionsbuch_ueberlebt_neustart" time="0.043" /><testcase classname="tests.test_v70_crypto_engine" name="test_zyklus_fuehrt_faellige_arbeiten_aus" time="0.026" /><testcase classname="tests.test_v70_crypto_engine" name="test_zyklus_wiederholt_nicht_sofort" time="0.030" /><testcase classname="tests.test_v70_crypto_engine" name="test_status_ist_vollstaendig" time="0.003" /><testcase classname="tests.test_v70_kern" name="test_krypto_laeuft_auch_bei_geschlossener_boerse" time="0.001" /><testcase classname="tests.test_v70_kern" name="test_krypto_scan_alle_fuenf_minuten" time="0.001" /><testcase classname="tests.test_v70_kern" name="test_universum_laeuft_seltener_als_der_scan" time="0.001" /><testcase classname="tests.test_v70_kern" name="test_positionsueberwachung_ist_schneller_als_der_scan" time="0.001" /><testcase classname="tests.test_v70_kern" name="test_positionsueberwachung_laeuft_auch_bei_geschlossener_boerse" time="0.001" /><testcase classname="tests.test_v70_kern" name="test_wartezeit_richtet_sich_nach_dem_schnellsten_takt" time="0.001" /><testcase classname="tests.test_v70_kern" name="test_manueller_scan_erzwingt_faelligkeit" time="0.001" /><testcase classname="tests.test_v70_kern" name="test_kalenderfehler_oeffnet_den_aktienhandel_nicht" time="0.001" /><testcase classname="tests.test_v70_kern" name="test_plan_zeigt_beide_anlageklassen" time="0.001" /><testcase classname="tests.test_v70_kern" name="test_positionsgroesse_folgt_dem_risikoabstand" time="0.002" /><testcase classname="tests.test_v70_kern" name="test_positionsgroesse_wird_durch_maximalgroesse_gedeckelt" time="0.002" /><testcase classname="tests.test_v70_kern" name="test_stop_ueber_einstieg_ergibt_keine_position" time="0.002" /><testcase classname="tests.test_v70_kern" name="test_tagesverlustgrenze_stoppt_neue_kaeufe" time="0.003" /><testcase classname="tests.test_v70_kern" name="test_positionsanzahl_wird_begrenzt" time="0.003" /><testcase classname="tests.test_v70_kern" name="test_toepfe_sind_wirklich_getrennt" time="0.003" /><testcase classname="tests.test_v70_kern" name="test_globale_klammer_greift_nur_wenn_eingeschaltet" time="0.003" /><testcase classname="tests.test_v70_kern" name="test_globaler_stopp_blockiert_beide_seiten" time="0.003" /><testcase classname="tests.test_v70_kern" name="test_unerreichbarer_broker_setzt_kontowert_nicht_auf_null" time="0.002" /><testcase classname="tests.test_v70_kern" name="test_grenzen_fallen_auf_globale_standards_zurueck" time="0.001" /><testcase classname="tests.test_v70_kern" name="test_einfache_aufgaben_gehen_an_luna" time="0.001" /><testcase classname="tests.test_v70_kern" name="test_komplexe_aufgaben_gehen_an_terra" time="0.001" /><testcase classname="tests.test_v70_kern" name="test_eskalation_hebt_eine_luna_aufgabe_auf_terra" time="0.001" /><testcase classname="tests.test_v70_kern" name="test_ohne_schluessel_wird_gar_nicht_gefragt" time="0.001" /><testcase classname="tests.test_v70_kern" name="test_aufgebrauchtes_terra_budget_faellt_auf_luna_zurueck" time="0.002" /><testcase classname="tests.test_v70_kern" name="test_aufgebrauchtes_luna_budget_schaltet_die_ki_ab" time="0.003" /><testcase classname="tests.test_v70_kern" name="test_kostenbudget_stoppt_auch_bei_freien_anfragen" time="0.002" /><testcase classname="tests.test_v70_kern" name="test_ki_ausfall_liefert_auswertbares_ergebnis" time="0.003" /><testcase classname="tests.test_v70_kern" name="test_antwort_landet_im_cache_und_kostet_nur_einmal" time="0.004" /><testcase classname="tests.test_v70_kern" name="test_kostenschaetzung_verwendet_die_richtigen_preise" time="0.003" /><testcase classname="tests.test_v70_kern" name="test_batch_verwirft_erfundene_symbole" time="0.003" /><testcase classname="tests.test_v70_ke
[...]
ging_the_js" time="0.007" /><testcase classname="tests.test_v988_encoding_fix1" name="test_broken_utf8_node_output_is_rejected_not_replaced" time="0.097" /><testcase classname="tests.test_v988_encoding_fix1" name="test_fix1_extracts_beside_original_failed_target_without_touching_it" time="0.005" /><testcase classname="tests.test_v988_encoding_fix1" name="test_new_sibling_uses_services_not_old_aborted_directory" time="0.004" /><testcase classname="tests.test_v988_encoding_fix1" name="test_bootstrap_checks_encoding_before_test_import" time="0.003" /><testcase classname="tests.test_v988_import_migration_ui" name="test_readonly_preview_does_not_book_money_and_apply_is_idempotent" time="0.056" /><testcase classname="tests.test_v988_import_migration_ui" name="test_already_recovered_receipt_is_verified_without_rebooking_or_overwriting" time="0.044" /><testcase classname="tests.test_v988_import_migration_ui" name="test_incompatible_export_cannot_change_money[environment-LIVE]" time="0.041" /><testcase classname="tests.test_v988_import_migration_ui" name="test_incompatible_export_cannot_change_money[expected_account_fingerprint-B]" time="0.037" /><testcase classname="tests.test_v988_import_migration_ui" name="test_incompatible_export_cannot_change_money[user_supplied_sell_order-201]" time="0.037" /><testcase classname="tests.test_v988_import_migration_ui" name="test_incompatible_export_cannot_change_money[instrument-SUI-EUR]" time="0.043" /><testcase classname="tests.test_v988_import_migration_ui" name="test_incompatible_export_cannot_change_money[read_only-False]" time="0.036" /><testcase classname="tests.test_v988_import_migration_ui" name="test_incompatible_export_cannot_change_money[automatic_booking-True]" time="0.037" /><testcase classname="tests.test_v988_import_migration_ui" name="test_incompatible_export_cannot_change_money[schema-something-else]" time="0.039" /><testcase classname="tests.test_v988_import_migration_ui" name="test_order_identity_currency_terminal_and_child_conflicts_remain_blocked[sale-tradeQuoteCcy-EUR]" time="0.035" /><testcase classname="tests.test_v988_import_migration_ui" name="test_order_identity_currency_terminal_and_child_conflicts_remain_blocked[sale-algoId-wrong]" time="0.041" /><testcase classname="tests.test_v988_import_migration_ui" name="test_order_identity_currency_terminal_and_child_conflicts_remain_blocked[sale-algoClOrdId-other-client]" time="0.036" /><testcase classname="tests.test_v988_import_migration_ui" name="test_order_identity_currency_terminal_and_child_conflicts_remain_blocked[sale-state-live]" time="0.036" /><testcase classname="tests.test_v988_import_migration_ui" name="test_order_identity_currency_terminal_and_child_conflicts_remain_blocked[sale-accFillSz-124]" time="0.037" /><testcase classname="tests.test_v988_import_migration_ui" name="test_order_identity_currency_terminal_and_child_conflicts_remain_blocked[purchase-clOrdId-wrong]" time="0.041" /><testcase classname="tests.test_v988_import_migration_ui" name="test_order_identity_currency_terminal_and_child_conflicts_remain_blocked[purchase-tradeQuoteCcy-USD]" time="0.037" /><testcase classname="tests.test_v988_import_migration_ui" name="test_full_sale_id_without_local_protection_anchor_is_not_enough" time="0.037" /><testcase classname="tests.test_v988_import_migration_ui" name="test_duplicate_json_keys_rejected" time="0.003" /><testcase classname="tests.test_v988_import_migration_ui" name="test_unsafe_receipt_archive_rejected[../DOGE_Belege.json]" time="0.003" /><testcase classname="tests.test_v988_import_migration_ui" name="test_unsafe_receipt_archive_rejected[/DOGE_Belege.json]" time="0.003" /><testcase classname="tests.test_v988_import_migration_ui" name="test_unsafe_receipt_archive_rejected[x\\DOGE_Belege.json]" time="0.003" /><testcase classname="tests.test_v988_import_migration_ui" name="test_zip_receipt_and_plain_json_have_same_source_hash" time="0.036" /><testcase classname="tests.test_v988_import_migration_ui" name="test_missing_fill_and_successful_but_wrong_request_are_not_proof" time="0.034" /><testcase classname="tests.test_v988_import_migration_ui" name="test_migration_preview_uses_sqlite_backup_and_leaves_source_bytes_unchanged" time="3.407" /><testcase classname="tests.test_v988_import_migration_ui" name="test_migration_requires_stopped_writers_and_preserves_a_backup" time="0.077" /><testcase classname="tests.test_v988_import_migration_ui" name="test_invalid_receipts_do_not_reclassify_other_residuals" time="0.039" /><testcase classname="tests.test_v988_import_migration_ui" name="test_readonly_source_zip_cannot_be_symlink" time="0.032" /><testcase classname="tests.test_v988_import_migration_ui" name="test_preview_sees_committed_wal_not_only_the_main_database" time="0.031" /><testcase classname="tests.test_v988_import_migration_ui" name="test_new_repair_report_is_runtime_not_immutable_source" time="0.003" /><testcase classname="tests.test_v988_import_migration_ui" name="test_actual_javascript_renders_confirmed_partial_sum_with_unknown_day[net-daily]" time="0.048" /><testcase classname="tests.test_v988_import_migration_ui" name="test_actual_javascript_renders_confirmed_partial_sum_with_unknown_day[net-cumulative]" time="0.050" /><testcase classname="tests.test_v988_import_migration_ui" name="test_actual_javascript_renders_confirmed_partial_sum_with_unknown_day[percent-daily]" time="0.056" /><testcase classname="tests.test_v988_import_migration_ui" name="test_actual_javascript_renders_confirmed_partial_sum_with_unknown_day[percent-cumulative]" time="0.054" /><testcase classname="tests.test_v988_import_migration_ui" name="test_unknown_only_day_is_not_drawn_as_zero_profit" time="0.046" /><testcase classname="tests.test_v988_import_migration_ui" name="test_residual_excluded_without_excluding_the_confirmed_sale" time="0.050" /><testcase classname="tests.test_v988_import_migration_ui" name="test_percentage_uses_proven_allocated_entry_capital_not_full_sibling_fee" time="0.004" /><testcase classname="tests.test_v988_staging_and_guard" name="test_real_staging_imports_receipt_not_original_database_and_repeat_is_guarded" time="0.082" /><testcase classname="tests.test_v988_staging_and_guard" name="test_foreign_current_state_aborts_staging_before_any_promotion" time="0.048" /><testcase classname="tests.test_v988_staging_and_guard" name="test_sealing_does_not_promote_transient_shared_memory" time="0.004" /><testcase classname="tests.test_v988_staging_and_guard" name="test_sealing_refuses_uncheckpointable_reader_not_missing_frames" time="5.012" /><testcase classname="tests.test_v988_staging_and_guard" name="test_unreadable_gate_is_a_controlled_broker_rejection" time="0.028" /><testcase classname="tests.test_v988_staging_and_guard" name="test_new_read_gate_closes_all_its_connection_handles" time="0.037" /><testcase classname="tests.test_v988_staging_and_guard" name="test_alias_resolution_inside_writer_uses_same_connection_no_nested_schema" time="0.027" /><testcase classname="tests.test_v988_staging_and_guard" name="test_alias_cache_is_scoped_to_database_not_only_account" time="0.033" /><testcase classname="tests.test_v989_fmp" name="test_shared_cache_is_restart_safe_and_no_key_in_url" time="0.007" /><testcase classname="tests.test_v989_fmp" name="test_concurrent_cache_consumers_make_one_request" time="0.011" /><testcase classname="tests.test_v989_fmp" name="test_free_has_real_shared_250_limit_not_per_instance" time="0.006" /><testcase classname="tests.test_v989_fmp" name="test_free_80_automatic_reserves_position_supply" time="0.005" /><testcase classname="tests.test_v989_fmp" name="test_starter_300_per_sliding_minute" time="0.184" /><testcase classname="tests.test_v989_fmp" name="test_cancel_reverts_without_erasing_used_counts" time="0.005" /><testcase classname="tests.test_v989_fmp" name="test_endpoint_denial_does_not_disable_other_data" time="0.009" /><testcase classname="tests.test_v989_fmp" name="test_auto_multiple_denials_lower_quotas_and_expiry_allows_reprobe" time="0.008" /><testcase classname="tests.test_v989_fmp" name="test_successful_paid_endpoint_does_not_infer_whole_tariff" time="0.006" /><testcase classname="tests.test_v989_fmp" name="test_refused_capability_persists_without_global_auth_failure[402]" time="0.006" /><testcase classname="tests.test_v989_fmp" name="test_refused_capability_persists_without_global_auth_failure[403]" time="0.008" /><testcase classname="tests.test_v989_fmp" name="test_429_retry_after_and_timeout_do_not_mean_cancel" time="0.006" /><testcase classname="tests.test_v989_fmp" name="test_provider_key_errors_are_redacted" time="0.005" /><testcase classname="tests.test_v989_fmp" name="test_rolling_bandwidth_blocks_after_downgrade" time="0.004" /><testcase classname="tests.test_v989_fmp" name="test_corrupt_legacy_usage_blocks_instead_of_zeroing" time="0.004" /><testcase classname="tests.test_v989_fmp" name="test_legacy_usage_import_is_once_and_shared_across_keys" time="0.005" /><testcase classname="tests.test_v989_fmp" name="test_cached_paid_news_not_served_as_free" time="0.006" /><testcase classname="tests.test_v989_fmp" name="test_starter_never_probes_premium_endpoints[/historical-chart/15min]" time="0.004" /><testcase classname="tests.test_v989_fmp" name="test_starter_never_probes_premium_endpoints[/earnings-calendar]" time="0.004" /><testcase classname="tests.test_v989_fmp" name="test_history_shared_different_requested_lengths_and_restart" time="0.009" /><testcase classname="tests.test_v989_fmp" name="test_history_rejects_unfinished_wrong_symbol_and_invalid_ohlc" time="0.007" /><testcase classname="tests.test_v989_fmp" name="test_annual_facts_change_actual_finance_component_with_provenance" time="0.004" /><testcase classname="tests.test_v989_fmp" name="test_annual_mismatches_never_score[cik-999]" time="0.003" /><testcase classname="tests.test_v989_fmp" name="test_annual_mismatches_never_score[reportedCurrency-EUR]" time="0.003" /><testcase classname="tests.test_v989_fmp" name="test_annual_mismatches_never_score[symbol-OTHER]" time="0.003" /><testcase classname="tests.test_v989_fmp" name="test_annual_mismatches_never_score[period-Q1]" time="0.003" /><testcase classname="tests.test_v989_fmp" name="test_annual_mismatches_never_score[date-2020-01-01]" time="0.003" /><testcase classname="tests.test_v989_fmp" name="test_financial_same_period_contradiction_remains_open" time="0.003" /><testcase classname="tests.test_v989_fmp" name="test_stale_annual_fetch_never_counts_current" time="0.003" /><testcase classname="tests.test_v989_fmp" name="test_starter_setup_preserves_keys_other_sources_and_usage" time="0.004" /><testcase classname="tests.test_v989_fmp" name="test_held_positions_refresh_even_without_top5_or_enabled_pulsar" time="0.014" /><testcase classname="tests.test_v989_fmp" name="test_pulsar_and_nexus_share_profile_and_news_requests" time="0.032" /><testcase classname="tests.test_v989_fmp" name="test_free_pulsar_uses_existing_data_sources_without_paid_probes" time="0.014" /><testcase classname="tests.test_v989_fmp" name="test_no_fmp_does_not_hide_sec_financials" time="0.005" /><testcase classname="tests.test_v989_fmp" name="test_split_adjustment_requires_full_rebuild" time="0.012" /><testcase classname="tests.test_v989_fmp" name="test_failed_history_refresh_does_not_renew_old_fetch_time" time="0.010" /><testcase classname="tests.test_v989_fmp" name="test_recent_company_primary_lead_saves_an_extra_gpt_search" time="0.004" /><testcase classname="tests.test_v989_fmp" name="test_optional_context_preserves_broker_facts_and_one_gpt_call" time="0.003" /><testcase classname="tests.test_v989_fmp" name="test_settings_persist_and_show_local_state_without_requests" time="0.013" /><testcase classname="tests.test_v989_fmp" name="test_database_online_migration_preserves_usage_caps_and_cache" time="0.006" /><testcase classname="tests.test_v989_fmp" name="test_no_paid_rights_bypass_from_http_redirect" time="0.006" /><testcase classname="tests.test_v989_fmp" name="test_oversize_stream_is_stopped_and_reservation_kept" time="0.013" /><testcase classname="tests.test_v989_fmp" name="test_incomplete_newer_annual_period_does_not_use_old_profit" time="0.003" /><testcase classname="tests.test_v989_fmp" name="test_optional_endpoint_denials_do_not_downgrade_starter" time="0.004" /><testcase classname="tests.test_v990_fix1_recovery" name="test_entry_fee_projection_is_partial_atomic_and_idempotent" time="0.020" /><testcase classname="tests.test_v990_fix1_recovery" name="test_legacy_amd_alias_is_one_execution_and_old_provisional_net_is_audited[exact]" time="0.016" /><testcase classname="tests.test_v990_fix1_recovery" name="test_legacy_amd_alias_is_one_execution_and_old_provisional_net_is_audited[wrong_time]" time="0.018" /><testcase classname="tests.test_v990_fix1_recovery" name="test_legacy_amd_alias_is_one_execution_and_old_provisional_net_is_audited[foreign_account]" time="0.020" /><testcase classname="tests.test_v990_fix1_recovery" name="test_native_receipt_rejects_cross_binding_and_missing_costs[account]" time="0.003" /><testcase classname="tests.test_v990_fix1_recovery" name="test_native_receipt_rejects_cross_binding_and_missing_costs[environment]" time="0.002" /><testcase classname="tests.test_v990_fix1_recovery" name="test_native_receipt_rejects_cross_binding_and_missing_costs[order]" time="0.002" /><testcase classname="tests.test_v990_fix1_recovery" name="test_native_receipt_rejects_cross_binding_and_missing_costs[position]" time="0.003" /><testcase classname="tests.test_v990_fix1_recovery" name="test_native_receipt_rejects_cross_binding_and_missing_costs[quantity]" time="0.002" /><testcase classname="tests.test_v990_fix1_recovery" name="test_native_receipt_rejects_cross_binding_and_missing_costs[price]" time="0.002" /><testcase classname="tests.test_v990_fix1_recovery" name="test_native_receipt_rejects_cross_binding_and_missing_costs[currency]" time="0.003" /><testcase classname="tests.test_v990_fix1_recovery" name="test_native_receipt_rejects_cross_binding_and_missing_costs[taxes]" time="0.002" /><testcase classname="tests.test_v990_fix1_recovery" name="test_closed_record_has_get_only_recovery_without_zero_exit_fee" time="0.023" /><testcase classname="tests.test_v990_fix1_recovery" name="test_domain_change_during_get_never_projects_costs[broker_environment]" time="0.015" /><testcase classname="tests.test_v990_fix1_recovery" name="test_domain_change_during_get_never_projects_costs[stored_account]" time="0.018" /><testcase classname="tests.test_v990_fix1_recovery" name="test_actual_router_response_contract_costs_and_diagnostics[None]" time="0.010" /><testcase classname="tests.test_v990_fix1_recovery" name="test_actual_router_response_contract_costs_and_diagnostics[blank_claim]" time="0.011" /><testcase classname="tests.test_v990_fix1_recovery" name="test_actual_router_response_contract_costs_and_diagnostics[wrong_reference]" time="0.012" /><testcase classname="tests.test_v990_fix1_recovery" name="test_actual_router_response_contract_costs_and_diagnostics[missing_symbol]" time="0.012" /><testcase classname="tests.test_v990_fix1_recovery" name="test_weekend_text_retry_is_bounded_and_reuses_market_receipts" time="0.062" /><testcase classname="tests.test_v990_fix1_recovery" name="test_sui_legacy_annotation_requires_exact_closed_ledger_and_preserves_file" time="0.013" /><testcase classname="tests.test_v990_freqtrade" name="test_official_startup_and_recursive_window_are_in_semantic_hash" time="0.012" /><testcase classname="tests.test_v990_freqtrade" name="test_history_paginates_deduplicates_and_survives_restart" time="0.245" /><testcase classname="tests.test_v990_freqtrade" name="test_gaps_and_duplicate_aggregation_use_reference_rules_without_future_fill" time="0.015" /><testcase classname="tests.test_v990_freqtrade" name="test_boundary_offset_and_final_signal_deadline" time="0.003" /><testcase classname="tests.test_v990_freqtrade" name="test_per_instrument_cursor_is_persistent_scoped_and_monotone" time="0.004" /><testcase classname="tests.test_v990_freqtrade" name="test_signal_precedes_stop_and_roi_but_missing_history_never_blocks_price_exits" time="0.003" /><testcase classname="tests.test_v990_freqtrade" name="test_backtest_exit_at_attainable_reference_price[signal-102]" time="0.011" /><testcase classname="tests.test_v990_freqtrade" name="test_backtest_exit_at_attainable_reference_price[roi_clip-105]" time="0.010" /><testcase classname="tests.test_v990_freqtrade" name="test_backtest_exit_at_attainable_reference_price[new_roi-103]" time="0.010" /><testcase classname="tests.test_v990_freqtrade" name="test_backtest_uses_actual_elapsed_minutes_not_row_count" time="0.010" /><testcase classname="tests.test_v990_freqtrade" name="test_thin_listing_does_not_repeat_archive_fetch_each_poll" time="0.086" /><testcase classname="tests.test_v990_guards" name="test_costs_and_worst_accepted_price_are_both_inside_pulsar_budget" time="0.003" /><testcase classname="tests.test_v990_guards" name="test_terminal_partial_requires_exact_native_receipts_and_is_not_resubmitted[CANCELLED-1.0-acct-PARTIAL_TERMINAL]" time="0.006" /><testcase classname="tests.test_v990_guards" name="test_terminal_partial_requires_exact_native_receipts_and_is_not_resubmitted[PARTIALLY_FILLED-1.0-acct-SUBMITTED]" time="0.006" /><testcase classname="tests.test_v990_guards" name="test_terminal_partial_requires_exact_native_receipts_and_is_not_resubmitted[CANCELLED-1.0-other-SUBMITTED]" time="0.005" /><testcase classname="tests.test_v990_guards" name="test_terminal_partial_requires_exact_native_receipts_and_is_not_resubmitted[CANCELLED-4.0-acct-SUBMITTED]" time="0.006" /><testcase classname="tests.test_v990_guards" name="test_terminal_partial_requires_exact_native_receipts_and_is_not_resubmitted[REJECTED-0.0-acct-REJECTED]" time="0.006" /><testcase classname="tests.test_v990_guards" name="test_sui_failure_remains_receipt_but_later_exact_success_is_visible" time="0.003" /><testcase classname="tests.test_v990_guards" name="test_okx_entry_deadline_is_rechecked_after_durable_reservation" time="0.004" /><testcase classname="tests.test_v990_guards" name="test_corrupt_history_never_disables_stop_or_roi" time="0.004" /><testcase classname="tests.test_v990_research_display" name="test_large_fmp_and_sec_evidence_reaches_gpt_as_bounded_views" time="0.039" /><testcase classname="tests.test_v990_research_display" name="test_model_and_omitted_evidence_changes_invalidate_cache_key" time="0.006" /><testcase classname="tests.test_v990_research_display" name="test_pep_shows_reference_and_planned_protection_without_inventing_confirmation" time="0.003" /><testcase classname="tests.test_v990_research_display" name="test_no_etoro_overlay_for_wrong_binding[account_fingerprint-wrong]" time="0.003" /><testcase classname="tests.test_v990_research_display" name="test_no_etoro_overlay_for_wrong_binding[broker_environment-LIVE]" time="0.003" /><testcase classname="tests.test_v990_research_display" name="test_no_etoro_overlay_for_wrong_binding[owned_position_ids-value2]" time="0.003" /><testcase classname="tests.test_v990_research_display" name="test_no_etoro_overlay_for_wrong_binding[order_ids-value3]" time="0.003" /><testcase classname="tests.test_v990_research_display" name="test_no_etoro_overlay_for_wrong_binding[waehrung-EUR]" time="0.003" /><testcase classname="tests.test_v990_research_display" name="test_stale_quote_does_not_become_live_after_ui_refresh" time="0.002" /><testcase classname="tests.test_weekly_intelligence" name="test_weekly_target_catches_missed_run" time="0.002" /><testcase classname="tests.test_weekly_intelligence" name="test_ai_off_skips_research_but_keeps_deterministic_strategy" time="0.003" /><testcase classname="tests.test_weekly_intelligence" name="test_research_sends_only_proposals_and_no_admission" time="0.003" /><testcase classname="tests.test_weekly_intelligence" name="test_research_wird_bei_geschlossenem_markt_verschoben" time="0.013" /></testsuite></testsuites>