<?xml version="1.0" encoding="utf-8"?><testsuites name="pytest tests"><testsuite name="pytest" errors="0" failures="0" skipped="0" tests="15" time="1.276" timestamp="2026-09-13T17:12:19.132394+02:00" hostname="localhost"><testcase classname="implementation.installer_v101.test_installer" name="test_shell_syntax" time="0.084" /><testcase classname="implementation.installer_v101.test_installer" name="test_exact_verified_zip_and_unpacker" time="0.017" /><testcase classname="implementation.installer_v101.test_installer" name="test_actual_package_check" time="0.200" /><testcase classname="implementation.installer_v101.test_installer" name="test_help" time="0.036" /><testcase classname="implementation.installer_v101.test_installer" name="test_invalid_options_never_run_update[args0]" time="0.004" /><testcase classname="implementation.installer_v101.test_installer" name="test_invalid_options_never_run_update[args1]" time="0.002" /><testcase classname="implementation.installer_v101.test_installer" name="test_invalid_options_never_run_update[args2]" time="0.002" /><testcase classname="implementation.installer_v101.test_installer" name="test_root_rejected_before_unpack" time="0.002" /><testcase classname="implementation.installer_v101.test_installer" name="test_wrong_arch_rejected_before_unpack" time="0.002" /><testcase classname="implementation.installer_v101.test_installer" name="test_bad_download_rejected[modified]" time="0.063" /><testcase classname="implementation.installer_v101.test_installer" name="test_bad_download_rejected[truncated]" time="0.037" /><testcase classname="implementation.installer_v101.test_installer" name="test_unpack_repeat_preserves_state_and_refuses_modified_source" time="0.344" /><testcase classname="implementation.installer_v101.test_installer" name="test_exact_updater_delegation_and_exit_code[args0-0]" time="0.154" /><testcase classname="implementation.installer_v101.test_installer" name="test_exact_updater_delegation_and_exit_code[args1-0]" time="0.151" /><testcase classname="implementation.installer_v101.test_installer" name="test_exact_updater_delegation_and_exit_code[args2-17]" time="0.140" /></testsuite></testsuites>